\BOOKMARK [0][-]{dummy.1}{\376\377\000D\000e\000c\000l\000a\000r\000a\000t\000i\000o\000n\000\040\000o\000f\000\040\000A\000u\000t\000h\000o\000r\000s\000h\000i\000p}{}% 1
\BOOKMARK [0][-]{dummy.2}{\376\377\000A\000b\000s\000t\000r\000a\000c\000t}{}% 2
\BOOKMARK [0][-]{dummy.3}{\376\377\000A\000c\000k\000n\000o\000w\000l\000e\000d\000g\000e\000m\000e\000n\000t\000s}{}% 3
\BOOKMARK [0][-]{dummy.5}{\376\377\000L\000i\000s\000t\000\040\000o\000f\000\040\000F\000i\000g\000u\000r\000e\000s}{}% 4
\BOOKMARK [0][-]{dummy.7}{\376\377\000L\000i\000s\000t\000\040\000o\000f\000\040\000T\000a\000b\000l\000e\000s}{}% 5
\BOOKMARK [0][-]{dummy.9}{\376\377\000A\000b\000b\000r\000e\000v\000i\000a\000t\000i\000o\000n\000s}{}% 6
\BOOKMARK [0][-]{dummy.12}{\376\377\000S\000y\000m\000b\000o\000l\000s}{}% 7
\BOOKMARK [0][-]{chapter.15}{\376\377\0001\000\040\000I\000n\000t\000r\000o\000d\000u\000c\000t\000i\000o\000n\000\040\000a\000n\000d\000\040\000M\000o\000t\000i\000v\000a\000t\000i\000o\000n}{}% 8
\BOOKMARK [1][-]{section.16}{\376\377\0001\000.\0001\000\040\000W\000h\000y\000\040\000G\000o\000\040\000S\000o\000f\000t\000\040\000a\000n\000d\000\040\000N\000o\000t\000\040\000R\000i\000g\000i\000d\000?}{chapter.15}% 9
\BOOKMARK [1][-]{section.17}{\376\377\0001\000.\0002\000\040\000R\000e\000s\000e\000a\000r\000c\000h\000\040\000O\000b\000j\000e\000c\000t\000i\000v\000e\000s}{chapter.15}% 10
\BOOKMARK [1][-]{section.24}{\376\377\0001\000.\0003\000\040\000C\000h\000a\000p\000t\000e\000r\000\040\000C\000o\000n\000t\000r\000i\000b\000u\000t\000i\000o\000n\000s}{chapter.15}% 11
\BOOKMARK [1][-]{section.25}{\376\377\0001\000.\0004\000\040\000P\000u\000b\000l\000i\000c\000a\000t\000i\000o\000n\000s}{chapter.15}% 12
\BOOKMARK [0][-]{chapter.26}{\376\377\0002\000\040\000L\000i\000t\000e\000r\000a\000t\000u\000r\000e\000\040\000R\000e\000v\000i\000e\000w}{}% 13
\BOOKMARK [1][-]{section.27}{\376\377\0002\000.\0001\000\040\000B\000i\000o\000l\000o\000g\000i\000c\000a\000l\000\040\000S\000k\000i\000n\000\040\000f\000o\000r\000m\000\040\000a\000n\000d\000\040\000f\000u\000n\000c\000t\000i\000o\000n}{chapter.26}% 14
\BOOKMARK [2][-]{subsection.32}{\376\377\0002\000.\0001\000.\0001\000\040\000S\000k\000i\000n\000\040\000C\000o\000n\000s\000t\000r\000u\000c\000t\000i\000o\000n\000\040\000a\000n\000d\000\040\000T\000y\000p\000e\000s}{section.27}% 15
\BOOKMARK [2][-]{subsection.34}{\376\377\0002\000.\0001\000.\0002\000\040\000C\000h\000a\000r\000a\000c\000t\000e\000r\000i\000s\000i\000n\000g\000\040\000s\000k\000i\000n}{section.27}% 16
\BOOKMARK [2][-]{subsection.35}{\376\377\0002\000.\0001\000.\0003\000\040\000S\000k\000i\000n\000\040\000M\000o\000d\000e\000l\000l\000i\000n\000g}{section.27}% 17
\BOOKMARK [1][-]{section.39}{\376\377\0002\000.\0002\000\040\000P\000r\000e\000s\000s\000u\000r\000e\000\040\000M\000a\000p\000p\000i\000n\000g\000\040\000A\000r\000t\000i\000f\000i\000c\000i\000a\000l\000\040\000S\000k\000i\000n\000\040\000D\000e\000v\000i\000c\000e\000s}{chapter.26}% 18
\BOOKMARK [2][-]{subsection.41}{\376\377\0002\000.\0002\000.\0001\000\040\000C\000a\000p\000a\000c\000i\000t\000i\000v\000e}{section.39}% 19
\BOOKMARK [2][-]{subsection.43}{\376\377\0002\000.\0002\000.\0002\000\040\000M\000a\000g\000n\000e\000t\000i\000c}{section.39}% 20
\BOOKMARK [2][-]{subsection.45}{\376\377\0002\000.\0002\000.\0003\000\040\000O\000p\000t\000i\000c\000a\000l}{section.39}% 21
\BOOKMARK [2][-]{subsection.46}{\376\377\0002\000.\0002\000.\0004\000\040\000A\000c\000o\000u\000s\000t\000i\000c}{section.39}% 22
\BOOKMARK [2][-]{subsection.47}{\376\377\0002\000.\0002\000.\0005\000\040\000R\000e\000s\000i\000s\000t\000i\000v\000e}{section.39}% 23
\BOOKMARK [2][-]{subsection.49}{\376\377\0002\000.\0002\000.\0006\000\040\000S\000o\000f\000t\000\040\000P\000r\000e\000s\000s\000u\000r\000e\000\040\000m\000a\000p\000p\000i\000n\000g\000\040\000t\000e\000c\000h\000n\000o\000l\000o\000g\000y\000\040\000c\000o\000m\000p\000a\000r\000i\000s\000o\000n}{section.39}% 24
\BOOKMARK [1][-]{section.51}{\376\377\0002\000.\0003\000\040\000B\000i\000o\000l\000o\000g\000i\000c\000a\000l\000\040\000M\000u\000s\000c\000l\000e\000\040\000f\000o\000r\000m\000\040\000a\000n\000d\000\040\000f\000u\000n\000c\000t\000i\000o\000n}{chapter.26}% 25
\BOOKMARK [2][-]{subsection.53}{\376\377\0002\000.\0003\000.\0001\000\040\000C\000h\000a\000r\000a\000c\000t\000e\000r\000i\000s\000i\000n\000g\000\040\000a\000\040\000m\000u\000s\000c\000l\000e}{section.51}% 26
\BOOKMARK [2][-]{subsection.65}{\376\377\0002\000.\0003\000.\0002\000\040\000M\000u\000s\000c\000l\000e\000\040\000M\000e\000c\000h\000a\000n\000i\000c\000s}{section.51}% 27
\BOOKMARK [2][-]{subsection.69}{\376\377\0002\000.\0003\000.\0003\000\040\000E\000l\000e\000c\000t\000r\000i\000c\000a\000l\000\040\000M\000u\000s\000c\000l\000e\000\040\000M\000o\000d\000e\000l\000s}{section.51}% 28
\BOOKMARK [1][-]{section.70}{\376\377\0002\000.\0004\000\040\000A\000r\000t\000i\000f\000i\000c\000i\000a\000l\000\040\000M\000u\000s\000c\000l\000e\000\040\000T\000e\000c\000h\000n\000o\000l\000o\000g\000y}{chapter.26}% 29
\BOOKMARK [2][-]{subsection.71}{\376\377\0002\000.\0004\000.\0001\000\040\000I\000o\000n\000i\000c\000\040\000p\000o\000l\000y\000m\000e\000r\040\023\000m\000e\000t\000a\000l\000\040\000c\000o\000m\000p\000o\000s\000i\000t\000e\000\040\000a\000c\000t\000u\000a\000t\000o\000r}{section.70}% 30
\BOOKMARK [2][-]{subsection.73}{\376\377\0002\000.\0004\000.\0002\000\040\000H\000A\000S\000E\000L\000\040\000a\000c\000t\000u\000a\000t\000o\000r}{section.70}% 31
\BOOKMARK [2][-]{subsection.76}{\376\377\0002\000.\0004\000.\0003\000\040\000M\000a\000g\000n\000e\000t\000o\000r\000h\000e\000o\000l\000o\000g\000i\000c\000a\000l\000\040\000E\000l\000a\000s\000t\000o\000m\000e\000r}{section.70}% 32
\BOOKMARK [2][-]{subsection.78}{\376\377\0002\000.\0004\000.\0004\000\040\000D\000i\000e\000l\000e\000c\000t\000r\000i\000c\000\040\000E\000l\000a\000s\000t\000o\000m\000e\000r\000\040\000A\000c\000t\000u\000a\000t\000o\000r\000s}{section.70}% 33
\BOOKMARK [1][-]{section.81}{\376\377\0002\000.\0005\000\040\000S\000o\000f\000t\000\040\000C\000o\000n\000d\000u\000c\000t\000i\000v\000e\000\040\000P\000a\000r\000t\000i\000c\000l\000e\000\040\000P\000i\000e\000z\000o\000r\000e\000s\000i\000s\000t\000i\000v\000e\000\040\000C\000o\000m\000p\000o\000s\000i\000t\000e\000s}{chapter.26}% 34
\BOOKMARK [2][-]{subsection.82}{\376\377\0002\000.\0005\000.\0001\000\040\000F\000a\000b\000r\000i\000c\000a\000t\000i\000n\000g\000\040\000C\000o\000n\000d\000u\000c\000t\000i\000v\000e\000\040\000P\000a\000r\000t\000i\000c\000l\000e\000\040\000E\000l\000a\000s\000t\000o\000m\000e\000r\000\040\000C\000o\000m\000p\000o\000s\000i\000t\000e\000s}{section.81}% 35
\BOOKMARK [2][-]{subsection.83}{\376\377\0002\000.\0005\000.\0002\000\040\000C\000o\000n\000d\000u\000c\000t\000i\000v\000e\000\040\000P\000a\000r\000t\000i\000c\000l\000e\000\040\000E\000l\000a\000s\000t\000o\000m\000e\000r\000\040\000C\000o\000n\000d\000u\000c\000t\000i\000o\000n\000\040\000M\000e\000c\000h\000a\000n\000i\000s\000m\000s}{section.81}% 36
\BOOKMARK [2][-]{subsection.89}{\376\377\0002\000.\0005\000.\0003\000\040\000V\000i\000s\000c\000o\000e\000l\000a\000s\000t\000i\000c\000i\000t\000y\000\040\000i\000n\000\040\000C\000o\000m\000p\000o\000s\000i\000t\000e\000\040\000E\000l\000a\000s\000t\000o\000m\000e\000r\000s}{section.81}% 37
\BOOKMARK [1][-]{section.91}{\376\377\0002\000.\0006\000\040\000L\000i\000t\000e\000r\000a\000t\000u\000r\000e\000\040\000R\000e\000v\000i\000e\000w\000\040\000C\000o\000n\000c\000l\000u\000s\000i\000o\000n\000s}{chapter.26}% 38
\BOOKMARK [0][-]{chapter.92}{\376\377\0003\000\040\000C\000h\000a\000r\000a\000c\000t\000e\000r\000i\000s\000i\000n\000g\000\040\000N\000o\000n\000-\000L\000i\000n\000e\000a\000r\000\040\000B\000e\000h\000a\000v\000i\000o\000u\000r\000\040\000i\000n\000\040\000C\000a\000r\000b\000o\000n\000-\000B\000l\000a\000c\000k\000\040\000E\000l\000a\000s\000t\000o\000m\000e\000r\000\040\000N\000a\000n\000o\000-\000C\000o\000m\000p\000o\000s\000i\000t\000e\000s}{}% 39
\BOOKMARK [1][-]{section.94}{\376\377\0003\000.\0001\000\040\000I\000n\000t\000r\000o\000d\000u\000c\000t\000i\000o\000n}{chapter.92}% 40
\BOOKMARK [2][-]{subsection.95}{\376\377\0003\000.\0001\000.\0001\000\040\000B\000a\000c\000k\000g\000r\000o\000u\000n\000d}{section.94}% 41
\BOOKMARK [1][-]{section.98}{\376\377\0003\000.\0002\000\040\000M\000e\000t\000h\000o\000d\000s}{chapter.92}% 42
\BOOKMARK [2][-]{subsection.99}{\376\377\0003\000.\0002\000.\0001\000\040\000C\000o\000m\000p\000o\000s\000i\000t\000e\000\040\000F\000a\000b\000r\000i\000c\000a\000t\000i\000o\000n}{section.98}% 43
\BOOKMARK [2][-]{subsection.101}{\376\377\0003\000.\0002\000.\0002\000\040\000M\000a\000t\000e\000r\000i\000a\000l\000\040\000I\000m\000a\000g\000i\000n\000g}{section.98}% 44
\BOOKMARK [2][-]{subsection.112}{\376\377\0003\000.\0002\000.\0003\000\040\000S\000t\000r\000e\000s\000s\000-\000S\000t\000r\000a\000i\000n\000-\000R\000e\000s\000i\000s\000t\000a\000n\000c\000e\000\040\000M\000e\000a\000s\000u\000r\000e\000m\000e\000n\000t}{section.98}% 45
\BOOKMARK [1][-]{section.116}{\376\377\0003\000.\0003\000\040\000R\000e\000s\000u\000l\000t\000s\000\040\000a\000n\000d\000\040\000A\000n\000a\000l\000y\000s\000i\000s}{chapter.92}% 46
\BOOKMARK [2][-]{subsection.117}{\376\377\0003\000.\0003\000.\0001\000\040\000S\000t\000r\000e\000s\000s\000-\000S\000t\000r\000a\000i\000n\000\040\000a\000n\000d\000\040\000V\000i\000s\000c\000o\000e\000l\000a\000s\000t\000i\000c\000i\000t\000y}{section.116}% 47
\BOOKMARK [2][-]{subsection.119}{\376\377\0003\000.\0003\000.\0002\000\040\000Q\000u\000a\000s\000i\000-\000S\000t\000a\000t\000i\000c\000\040\000T\000e\000n\000s\000i\000l\000e\000\040\000R\000e\000s\000i\000s\000t\000a\000n\000c\000e\000-\000S\000t\000r\000a\000i\000n}{section.116}% 48
\BOOKMARK [2][-]{subsection.122}{\376\377\0003\000.\0003\000.\0003\000\040\000D\000y\000n\000a\000m\000i\000c\000\040\000R\000e\000s\000i\000s\000t\000a\000n\000c\000e\000-\000S\000t\000r\000a\000i\000n\000-\000R\000a\000t\000e\000\040\000R\000e\000s\000p\000o\000n\000s\000e}{section.116}% 49
\BOOKMARK [2][-]{subsection.127}{\376\377\0003\000.\0003\000.\0004\000\040\000F\000a\000l\000l\000i\000n\000g\000\040\000E\000d\000g\000e\000\040\000S\000t\000r\000a\000i\000n\000-\000R\000a\000t\000e\000-\000R\000e\000s\000i\000s\000t\000a\000n\000c\000e}{section.116}% 50
\BOOKMARK [2][-]{subsection.139}{\376\377\0003\000.\0003\000.\0005\000\040\000R\000e\000s\000i\000s\000t\000i\000v\000e\000\040\000R\000e\000l\000a\000x\000a\000t\000i\000o\000n\000\040\000F\000i\000t\000t\000i\000n\000g}{section.116}% 51
\BOOKMARK [2][-]{subsection.146}{\376\377\0003\000.\0003\000.\0006\000\040\000R\000e\000s\000i\000s\000t\000a\000n\000c\000e\000-\000S\000t\000r\000e\000s\000s\000\040\000R\000e\000l\000a\000t\000i\000o\000n\000s\000h\000i\000p}{section.116}% 52
\BOOKMARK [1][-]{section.150}{\376\377\0003\000.\0004\000\040\000D\000i\000s\000c\000u\000s\000s\000i\000o\000n}{chapter.92}% 53
\BOOKMARK [2][-]{subsection.151}{\376\377\0003\000.\0004\000.\0001\000\040\000F\000a\000b\000r\000i\000c\000a\000t\000i\000o\000n}{section.150}% 54
\BOOKMARK [2][-]{subsection.152}{\376\377\0003\000.\0004\000.\0002\000\040\000Q\000u\000a\000s\000i\000-\000s\000t\000a\000t\000i\000c\000\040\000T\000e\000n\000s\000i\000l\000e\000\040\000R\000e\000s\000i\000s\000t\000a\000n\000c\000e\000-\000S\000t\000r\000a\000i\000n}{section.150}% 55
\BOOKMARK [2][-]{subsection.153}{\376\377\0003\000.\0004\000.\0003\000\040\000D\000y\000n\000a\000m\000i\000c\000\040\000R\000e\000s\000i\000s\000t\000a\000n\000c\000e\000-\000S\000t\000r\000a\000i\000n\000-\000R\000a\000t\000e\000\040\000R\000e\000s\000p\000o\000n\000s\000e}{section.150}% 56
\BOOKMARK [2][-]{subsection.154}{\376\377\0003\000.\0004\000.\0004\000\040\000F\000a\000l\000l\000i\000n\000g\000\040\000E\000d\000g\000e\000\040\000S\000t\000r\000a\000i\000n\000-\000R\000a\000t\000e\000-\000R\000e\000s\000i\000s\000t\000a\000n\000c\000e}{section.150}% 57
\BOOKMARK [2][-]{subsection.155}{\376\377\0003\000.\0004\000.\0005\000\040\000R\000e\000s\000i\000s\000t\000i\000v\000e\000\040\000R\000e\000l\000a\000x\000a\000t\000i\000o\000n\000\040\000F\000i\000t\000t\000i\000n\000g}{section.150}% 58
\BOOKMARK [2][-]{subsection.156}{\376\377\0003\000.\0004\000.\0006\000\040\000R\000e\000s\000i\000s\000t\000a\000n\000c\000e\000-\000S\000t\000r\000e\000s\000s\000\040\000R\000e\000l\000a\000t\000i\000o\000n\000s\000h\000i\000p}{section.150}% 59
\BOOKMARK [2][-]{subsection.157}{\376\377\0003\000.\0004\000.\0007\000\040\000V\000i\000s\000c\000o\000e\000l\000a\000s\000t\000i\000c\000i\000t\000y}{section.150}% 60
\BOOKMARK [2][-]{subsection.158}{\376\377\0003\000.\0004\000.\0008\000\040\000R\000e\000p\000e\000a\000t\000a\000b\000i\000l\000i\000t\000y}{section.150}% 61
\BOOKMARK [2][-]{subsection.160}{\376\377\0003\000.\0004\000.\0009\000\040\000F\000u\000r\000t\000h\000e\000r\000\040\000D\000i\000s\000c\000u\000s\000s\000i\000o\000n\000\040\000a\000n\000d\000\040\000F\000u\000t\000u\000r\000e\000\040\000W\000o\000r\000k}{section.150}% 62
\BOOKMARK [1][-]{section.162}{\376\377\0003\000.\0005\000\040\000C\000o\000n\000c\000l\000u\000s\000i\000o\000n\000s}{chapter.92}% 63
\BOOKMARK [0][-]{chapter.163}{\376\377\0004\000\040\000A\000n\000\040\000E\000l\000e\000c\000t\000r\000i\000c\000a\000l\000\040\000I\000m\000p\000e\000d\000a\000n\000c\000e\000\040\000T\000o\000m\000o\000g\000r\000a\000p\000h\000y\000\040\000B\000a\000s\000e\000d\000\040\000S\000o\000f\000t\000\040\000P\000r\000e\000s\000s\000u\000r\000e\000\040\000M\000a\000p\000p\000i\000n\000g\000\040\000S\000e\000n\000s\000o\000r}{}% 64
\BOOKMARK [1][-]{section.165}{\376\377\0004\000.\0001\000\040\000I\000n\000t\000r\000o\000d\000u\000c\000t\000i\000o\000n}{chapter.163}% 65
\BOOKMARK [2][-]{subsection.166}{\376\377\0004\000.\0001\000.\0001\000\040\000E\000I\000T\000\040\000B\000a\000c\000k\000g\000r\000o\000u\000n\000d}{section.165}% 66
\BOOKMARK [2][-]{subsection.172}{\376\377\0004\000.\0001\000.\0002\000\040\000R\000e\000l\000a\000t\000e\000d\000\040\000W\000o\000r\000k}{section.165}% 67
\BOOKMARK [1][-]{section.173}{\376\377\0004\000.\0002\000\040\000M\000e\000t\000h\000o\000d\000o\000l\000o\000g\000y}{chapter.163}% 68
\BOOKMARK [2][-]{subsection.174}{\376\377\0004\000.\0002\000.\0001\000\040\000F\000a\000b\000r\000i\000c\000a\000t\000i\000o\000n}{section.173}% 69
\BOOKMARK [3][-]{subsubsection.177}{\376\377\0004\000.\0002\000.\0001\000.\0001\000\040\000L\000o\000c\000a\000l\000i\000s\000e\000d\000\040\000S\000t\000r\000e\000s\000s\000\040\000T\000e\000s\000t\000i\000n\000g}{subsection.174}% 70
\BOOKMARK [3][-]{subsubsection.179}{\376\377\0004\000.\0002\000.\0001\000.\0002\000\040\000E\000I\000T\000\040\000M\000e\000a\000s\000u\000r\000e\000m\000e\000n\000t}{subsection.174}% 71
\BOOKMARK [2][-]{subsection.182}{\376\377\0004\000.\0002\000.\0002\000\040\0001\000D\000\040\000M\000a\000t\000e\000r\000i\000a\000l\000\040\000C\000h\000a\000r\000a\000c\000t\000e\000r\000i\000s\000a\000t\000i\000o\000n}{section.173}% 72
\BOOKMARK [3][-]{subsubsection.183}{\376\377\0004\000.\0002\000.\0002\000.\0001\000\040\000Q\000u\000a\000s\000i\000-\000s\000t\000a\000t\000i\000c\000\040\000P\000i\000e\000z\000o\000r\000e\000s\000i\000s\000t\000i\000v\000i\000t\000y}{subsection.182}% 73
\BOOKMARK [3][-]{subsubsection.186}{\376\377\0004\000.\0002\000.\0002\000.\0002\000\040\000T\000r\000a\000n\000s\000i\000e\000n\000t\000\040\000P\000i\000e\000z\000o\000r\000e\000s\000i\000s\000t\000i\000v\000i\000t\000y}{subsection.182}% 74
\BOOKMARK [2][-]{subsection.188}{\376\377\0004\000.\0002\000.\0003\000\040\000S\000e\000n\000s\000o\000r\000\040\000P\000e\000r\000f\000o\000r\000m\000a\000n\000c\000e\000\040\000M\000e\000t\000r\000i\000c\000s}{section.173}% 75
\BOOKMARK [3][-]{subsubsection.189}{\376\377\0004\000.\0002\000.\0003\000.\0001\000\040\000P\000r\000e\000-\000p\000r\000o\000c\000e\000s\000s\000i\000n\000g}{subsection.188}% 76
\BOOKMARK [3][-]{subsubsection.190}{\376\377\0004\000.\0002\000.\0003\000.\0002\000\040\000S\000p\000a\000t\000i\000a\000l\000\040\000P\000e\000r\000f\000o\000r\000m\000a\000n\000c\000e}{subsection.188}% 77
\BOOKMARK [3][-]{subsubsection.194}{\376\377\0004\000.\0002\000.\0003\000.\0003\000\040\000T\000e\000m\000p\000o\000r\000a\000l\000\040\000P\000e\000r\000f\000o\000r\000m\000a\000n\000c\000e}{subsection.188}% 78
\BOOKMARK [3][-]{subsubsection.195}{\376\377\0004\000.\0002\000.\0003\000.\0004\000\040\000L\000o\000c\000a\000l\000i\000s\000e\000d\000\040\000F\000o\000r\000c\000e\000\040\000S\000e\000n\000s\000i\000n\000g\000\040\000P\000e\000r\000f\000o\000r\000m\000a\000n\000c\000e}{subsection.188}% 79
\BOOKMARK [1][-]{section.206}{\376\377\0004\000.\0003\000\040\000R\000e\000s\000u\000l\000t\000s}{chapter.163}% 80
\BOOKMARK [2][-]{subsection.208}{\376\377\0004\000.\0003\000.\0001\000\040\0001\000D\000\040\000M\000a\000t\000e\000r\000i\000a\000l\000\040\000C\000h\000a\000r\000a\000c\000t\000e\000r\000i\000s\000a\000t\000i\000o\000n}{section.206}% 81
\BOOKMARK [3][-]{subsubsection.209}{\376\377\0004\000.\0003\000.\0001\000.\0001\000\040\000Q\000u\000a\000s\000i\000-\000s\000t\000a\000t\000i\000c\000\040\000P\000i\000e\000z\000o\000r\000e\000s\000i\000s\000t\000i\000v\000i\000t\000y}{subsection.208}% 82
\BOOKMARK [3][-]{subsubsection.211}{\376\377\0004\000.\0003\000.\0001\000.\0002\000\040\000T\000r\000a\000n\000s\000i\000e\000n\000t\000\040\000P\000i\000e\000z\000o\000r\000e\000s\000i\000s\000t\000i\000v\000i\000t\000y}{subsection.208}% 83
\BOOKMARK [2][-]{subsection.215}{\376\377\0004\000.\0003\000.\0002\000\040\000S\000e\000n\000s\000o\000r\000\040\000P\000e\000r\000f\000o\000r\000m\000a\000n\000c\000e\000\040\000M\000e\000t\000r\000i\000c\000s}{section.206}% 84
\BOOKMARK [3][-]{subsubsection.216}{\376\377\0004\000.\0003\000.\0002\000.\0001\000\040\000P\000r\000e\000-\000p\000r\000o\000c\000e\000s\000s\000i\000n\000g}{subsection.215}% 85
\BOOKMARK [3][-]{subsubsection.223}{\376\377\0004\000.\0003\000.\0002\000.\0002\000\040\000S\000p\000a\000t\000i\000a\000l\000\040\000P\000e\000r\000f\000o\000r\000m\000a\000n\000c\000e}{subsection.215}% 86
\BOOKMARK [2][-]{subsection.227}{\376\377\0004\000.\0003\000.\0003\000\040\000R\000a\000n\000d\000o\000m\000i\000s\000e\000d\000\040\000L\000o\000c\000a\000t\000i\000o\000n\000\040\000a\000n\000d\000\040\000S\000t\000r\000a\000i\000n\000\040\000T\000e\000s\000t\000i\000n\000g}{section.206}% 87
\BOOKMARK [3][-]{subsubsection.230}{\376\377\0004\000.\0003\000.\0003\000.\0001\000\040\000T\000e\000m\000p\000o\000r\000a\000l\000\040\000P\000e\000r\000f\000o\000r\000m\000a\000n\000c\000e}{subsection.227}% 88
\BOOKMARK [3][-]{subsubsection.232}{\376\377\0004\000.\0003\000.\0003\000.\0002\000\040\000L\000o\000c\000a\000l\000i\000s\000e\000\040\000F\000o\000r\000c\000e\000\040\000S\000e\000n\000s\000i\000n\000g\000\040\000P\000e\000r\000f\000o\000r\000m\000a\000n\000c\000e}{subsection.227}% 89
\BOOKMARK [1][-]{section.235}{\376\377\0004\000.\0004\000\040\000D\000i\000s\000c\000u\000s\000s\000i\000o\000n}{chapter.163}% 90
\BOOKMARK [2][-]{subsection.236}{\376\377\0004\000.\0004\000.\0001\000\040\000Q\000u\000a\000s\000i\000-\000s\000t\000a\000t\000i\000c\000\040\000P\000i\000e\000z\000o\000r\000e\000s\000i\000s\000t\000i\000v\000i\000t\000y}{section.235}% 91
\BOOKMARK [2][-]{subsection.237}{\376\377\0004\000.\0004\000.\0002\000\040\000P\000r\000e\000-\000p\000r\000o\000c\000e\000s\000s\000i\000n\000g}{section.235}% 92
\BOOKMARK [2][-]{subsection.238}{\376\377\0004\000.\0004\000.\0003\000\040\000P\000e\000r\000f\000o\000r\000m\000a\000n\000c\000e\000\040\000M\000e\000t\000r\000i\000c\000s}{section.235}% 93
\BOOKMARK [3][-]{subsubsection.239}{\376\377\0004\000.\0004\000.\0003\000.\0001\000\040\000S\000p\000a\000t\000i\000a\000l\000\040\000P\000e\000r\000f\000o\000r\000m\000a\000n\000c\000e}{subsection.238}% 94
\BOOKMARK [3][-]{subsubsection.240}{\376\377\0004\000.\0004\000.\0003\000.\0002\000\040\000T\000e\000m\000p\000o\000r\000a\000l\000\040\000P\000e\000r\000f\000o\000r\000m\000a\000n\000c\000e}{subsection.238}% 95
\BOOKMARK [3][-]{subsubsection.241}{\376\377\0004\000.\0004\000.\0003\000.\0003\000\040\000L\000o\000c\000a\000l\000i\000s\000e\000d\000\040\000F\000o\000r\000c\000e\000\040\000S\000e\000n\000s\000i\000n\000g\000\040\000P\000e\000r\000f\000o\000r\000m\000a\000n\000c\000e}{subsection.238}% 96
\BOOKMARK [2][-]{subsection.242}{\376\377\0004\000.\0004\000.\0004\000\040\000R\000e\000a\000l\000\040\000W\000o\000r\000l\000d\000\040\000A\000p\000p\000l\000i\000c\000a\000t\000i\000o\000n\000s\000,\000\040\000M\000a\000n\000u\000f\000a\000c\000t\000u\000r\000a\000b\000i\000l\000i\000t\000y\000,\000\040\000a\000n\000d\000\040\000S\000c\000a\000l\000a\000b\000i\000l\000i\000t\000y}{section.235}% 97
\BOOKMARK [1][-]{section.243}{\376\377\0004\000.\0005\000\040\000C\000o\000n\000c\000l\000u\000s\000i\000o\000n\000s}{chapter.163}% 98
\BOOKMARK [0][-]{chapter.244}{\376\377\0005\000\040\000A\000\040\000P\000o\000r\000t\000a\000b\000l\000e\000\040\000E\000I\000T\000-\000B\000a\000s\000e\000d\000\040\000P\000r\000e\000s\000s\000u\000r\000e\000\040\000M\000a\000p\000p\000i\000n\000g\000\040\000S\000e\000n\000s\000o\000r\000\040\000a\000n\000d\000\040\000V\000a\000l\000i\000d\000a\000t\000i\000o\000n\000\040\000S\000y\000s\000t\000e\000m}{}% 99
\BOOKMARK [1][-]{section.246}{\376\377\0005\000.\0001\000\040\000I\000n\000t\000r\000o\000d\000u\000c\000t\000i\000o\000n}{chapter.244}% 100
\BOOKMARK [1][-]{section.248}{\376\377\0005\000.\0002\000\040\000D\000e\000s\000i\000g\000n\000\040\000M\000e\000t\000h\000o\000d\000o\000l\000o\000g\000y\000\040\000a\000n\000d\000\040\000A\000n\000a\000l\000y\000s\000i\000s}{chapter.244}% 101
\BOOKMARK [2][-]{subsection.252}{\376\377\0005\000.\0002\000.\0001\000\040\000E\000I\000T\000\040\000c\000y\000c\000l\000e\000\040\000a\000n\000d\000\040\000l\000o\000a\000d\000\040\000s\000e\000q\000u\000e\000n\000c\000e}{section.248}% 102
\BOOKMARK [2][-]{subsection.258}{\376\377\0005\000.\0002\000.\0002\000\040\000S\000m\000a\000l\000l\000\040\000s\000i\000g\000n\000a\000l\000\040\000m\000e\000a\000s\000u\000r\000e\000m\000e\000n\000t}{section.248}% 103
\BOOKMARK [2][-]{subsection.260}{\376\377\0005\000.\0002\000.\0003\000\040\000S\000i\000g\000n\000a\000l\000\040\000g\000e\000n\000e\000r\000a\000t\000i\000o\000n}{section.248}% 104
\BOOKMARK [2][-]{subsection.262}{\376\377\0005\000.\0002\000.\0004\000\040\000S\000i\000g\000n\000a\000l\000\040\000c\000o\000n\000d\000i\000t\000i\000o\000n\000i\000n\000g}{section.248}% 105
\BOOKMARK [2][-]{subsection.265}{\376\377\0005\000.\0002\000.\0005\000\040\000S\000w\000i\000t\000c\000h\000i\000n\000g\000\040\000c\000i\000r\000c\000u\000i\000t}{section.248}% 106
\BOOKMARK [2][-]{subsection.267}{\376\377\0005\000.\0002\000.\0006\000\040\000F\000o\000r\000c\000e\000\040\000m\000e\000a\000s\000u\000r\000e\000m\000e\000n\000t}{section.248}% 107
\BOOKMARK [2][-]{subsection.270}{\376\377\0005\000.\0002\000.\0007\000\040\000P\000o\000s\000i\000t\000i\000o\000n\000\040\000c\000o\000n\000t\000r\000o\000l\000\040\000a\000n\000d\000\040\000m\000e\000a\000s\000u\000r\000e\000m\000e\000n\000t}{section.248}% 108
\BOOKMARK [2][-]{subsection.271}{\376\377\0005\000.\0002\000.\0008\000\040\000S\000e\000n\000s\000i\000n\000g\000\040\000d\000o\000m\000a\000i\000n}{section.248}% 109
\BOOKMARK [1][-]{section.272}{\376\377\0005\000.\0003\000\040\000V\000a\000l\000i\000d\000a\000t\000i\000o\000n\000\040\000a\000n\000d\000\040\000C\000h\000a\000r\000a\000c\000t\000e\000r\000i\000s\000a\000t\000i\000o\000n}{chapter.244}% 110
\BOOKMARK [2][-]{subsection.275}{\376\377\0005\000.\0003\000.\0001\000\040\000S\000e\000n\000s\000o\000r\000\040\000c\000a\000p\000a\000b\000i\000l\000i\000t\000i\000e\000s}{section.272}% 111
\BOOKMARK [1][-]{section.278}{\376\377\0005\000.\0004\000\040\000D\000i\000s\000c\000u\000s\000s\000i\000o\000n}{chapter.244}% 112
\BOOKMARK [1][-]{section.279}{\376\377\0005\000.\0005\000\040\000C\000o\000n\000c\000l\000u\000s\000i\000o\000n\000s}{chapter.244}% 113
\BOOKMARK [0][-]{chapter.280}{\376\377\0006\000\040\000I\000n\000t\000e\000g\000r\000a\000t\000i\000o\000n\000\040\000o\000f\000\040\000E\000I\000T\000-\000b\000a\000s\000e\000d\000\040\000P\000r\000e\000s\000s\000u\000r\000e\000\040\000M\000a\000p\000p\000i\000n\000g\000\040\000w\000i\000t\000h\000\040\000D\000i\000e\000l\000e\000c\000t\000r\000i\000c\000\040\000E\000l\000a\000s\000t\000o\000m\000e\000r\000\040\000A\000c\000t\000u\000a\000t\000o\000r\000s}{}% 114
\BOOKMARK [1][-]{section.282}{\376\377\0006\000.\0001\000\040\000I\000n\000t\000r\000o\000d\000u\000c\000t\000i\000o\000n}{chapter.280}% 115
\BOOKMARK [2][-]{subsection.284}{\376\377\0006\000.\0001\000.\0001\000\040\000B\000a\000c\000k\000g\000r\000o\000u\000n\000d}{section.282}% 116
\BOOKMARK [3][-]{subsubsection.285}{\376\377\0006\000.\0001\000.\0001\000.\0001\000\040\000D\000i\000e\000l\000e\000c\000t\000r\000i\000c\000\040\000E\000l\000a\000s\000t\000o\000m\000e\000r\000\040\000A\000c\000t\000u\000a\000t\000o\000r\000s}{subsection.284}% 117
\BOOKMARK [3][-]{subsubsection.289}{\376\377\0006\000.\0001\000.\0001\000.\0002\000\040\000S\000o\000f\000t\000\040\000E\000I\000T\000-\000b\000a\000s\000e\000d\000\040\000P\000r\000e\000s\000s\000u\000r\000e\000\040\000M\000a\000p\000p\000i\000n\000g}{subsection.284}% 118
\BOOKMARK [2][-]{subsection.294}{\376\377\0006\000.\0001\000.\0002\000\040\000S\000i\000m\000u\000l\000t\000a\000n\000e\000o\000u\000s\000\040\000P\000r\000e\000s\000s\000u\000r\000e\000\040\000M\000a\000p\000p\000i\000n\000g\000\040\000a\000n\000d\000\040\000A\000c\000t\000u\000a\000t\000i\000o\000n}{section.282}% 119
\BOOKMARK [1][-]{section.295}{\376\377\0006\000.\0002\000\040\000M\000e\000t\000h\000o\000d\000o\000l\000o\000g\000y}{chapter.280}% 120
\BOOKMARK [2][-]{subsection.296}{\376\377\0006\000.\0002\000.\0001\000\040\000D\000i\000e\000l\000e\000c\000t\000r\000i\000c\000\040\000E\000l\000a\000s\000t\000o\000m\000e\000r\000\040\000P\000r\000e\000p\000a\000r\000a\000t\000i\000o\000n}{section.295}% 121
\BOOKMARK [2][-]{subsection.302}{\376\377\0006\000.\0002\000.\0002\000\040\000C\000o\000m\000p\000l\000i\000a\000n\000t\000\040\000E\000l\000e\000c\000t\000r\000o\000d\000e\000\040\000F\000a\000b\000r\000i\000c\000a\000t\000i\000o\000n}{section.295}% 122
\BOOKMARK [2][-]{subsection.303}{\376\377\0006\000.\0002\000.\0003\000\040\000D\000E\000A\000\040\000H\000a\000r\000d\000w\000a\000r\000e}{section.295}% 123
\BOOKMARK [2][-]{subsection.305}{\376\377\0006\000.\0002\000.\0004\000\040\000E\000I\000T\000\040\000H\000a\000r\000d\000w\000a\000r\000e}{section.295}% 124
\BOOKMARK [2][-]{subsection.307}{\376\377\0006\000.\0002\000.\0005\000\040\000E\000x\000p\000e\000r\000i\000m\000e\000n\000t\000a\000l\000\040\000M\000e\000t\000h\000o\000d}{section.295}% 125
\BOOKMARK [3][-]{subsubsection.308}{\376\377\0006\000.\0002\000.\0005\000.\0001\000\040\000D\000E\000A\000\040\000V\000a\000l\000i\000d\000a\000t\000i\000o\000n}{subsection.307}% 126
\BOOKMARK [3][-]{subsubsection.313}{\376\377\0006\000.\0002\000.\0005\000.\0002\000\040\000E\000I\000T\000-\000b\000a\000s\000e\000d\000\040\000P\000r\000e\000s\000s\000u\000r\000e\000\040\000M\000a\000p\000p\000i\000n\000g\000\040\000o\000n\000\040\000D\000E\000A}{subsection.307}% 127
\BOOKMARK [2][-]{subsection.319}{\376\377\0006\000.\0002\000.\0006\000\040\000S\000i\000m\000u\000l\000t\000a\000n\000e\000o\000u\000s\000\040\000A\000c\000t\000u\000a\000t\000i\000o\000n\000\040\000a\000n\000d\000\040\000P\000r\000e\000s\000s\000u\000r\000e\000\040\000M\000a\000p\000p\000i\000n\000g}{section.295}% 128
\BOOKMARK [1][-]{section.324}{\376\377\0006\000.\0003\000\040\000R\000e\000s\000u\000l\000t\000s}{chapter.280}% 129
\BOOKMARK [2][-]{subsection.325}{\376\377\0006\000.\0003\000.\0001\000\040\000F\000a\000b\000r\000i\000c\000a\000t\000i\000o\000n}{section.324}% 130
\BOOKMARK [2][-]{subsection.326}{\376\377\0006\000.\0003\000.\0002\000\040\000D\000E\000A\000\040\000V\000a\000l\000i\000d\000a\000t\000i\000o\000n}{section.324}% 131
\BOOKMARK [2][-]{subsection.330}{\376\377\0006\000.\0003\000.\0003\000\040\000E\000I\000T\000\040\000V\000a\000l\000i\000d\000a\000t\000i\000o\000n}{section.324}% 132
\BOOKMARK [2][-]{subsection.349}{\376\377\0006\000.\0003\000.\0004\000\040\000S\000i\000m\000u\000l\000t\000a\000n\000e\000o\000u\000s\000\040\000A\000c\000t\000u\000a\000t\000i\000o\000n\000\040\000a\000n\000d\000\040\000P\000r\000e\000s\000s\000u\000r\000e\000\040\000M\000a\000p\000p\000i\000n\000g}{section.324}% 133
\BOOKMARK [1][-]{section.358}{\376\377\0006\000.\0004\000\040\000D\000i\000s\000c\000u\000s\000s\000i\000o\000n}{chapter.280}% 134
\BOOKMARK [2][-]{subsection.359}{\376\377\0006\000.\0004\000.\0001\000\040\000F\000a\000b\000r\000i\000c\000a\000t\000i\000o\000n}{section.358}% 135
\BOOKMARK [2][-]{subsection.360}{\376\377\0006\000.\0004\000.\0002\000\040\000D\000E\000A\000\040\000V\000a\000l\000i\000d\000a\000t\000i\000o\000n}{section.358}% 136
\BOOKMARK [2][-]{subsection.361}{\376\377\0006\000.\0004\000.\0003\000\040\000E\000I\000T\000\040\000V\000a\000l\000i\000d\000a\000t\000i\000o\000n}{section.358}% 137
\BOOKMARK [2][-]{subsection.362}{\376\377\0006\000.\0004\000.\0004\000\040\000S\000i\000m\000u\000l\000t\000a\000n\000e\000o\000u\000s\000\040\000A\000c\000t\000u\000a\000t\000i\000o\000n\000\040\000a\000n\000d\000\040\000M\000a\000p\000p\000i\000n\000g}{section.358}% 138
\BOOKMARK [2][-]{subsection.363}{\376\377\0006\000.\0004\000.\0005\000\040\000A\000l\000t\000e\000r\000e\000d\000\040\000A\000c\000t\000u\000a\000t\000i\000o\000n\000\040\000P\000e\000r\000f\000o\000r\000m\000a\000n\000c\000e}{section.358}% 139
\BOOKMARK [2][-]{subsection.364}{\376\377\0006\000.\0004\000.\0006\000\040\000D\000i\000e\000l\000e\000c\000t\000r\000i\000c\000\040\000B\000r\000e\000a\000k\000d\000o\000w\000n}{section.358}% 140
\BOOKMARK [1][-]{section.365}{\376\377\0006\000.\0005\000\040\000C\000o\000n\000c\000l\000u\000s\000i\000o\000n\000s}{chapter.280}% 141
\BOOKMARK [1][-]{section.366}{\376\377\0006\000.\0006\000\040\000F\000u\000t\000u\000r\000e\000\040\000W\000o\000r\000k}{chapter.280}% 142
\BOOKMARK [0][-]{chapter.368}{\376\377\0007\000\040\000U\000n\000i\000n\000t\000e\000n\000t\000i\000o\000n\000a\000l\000\040\000P\000o\000w\000e\000r\000\040\000G\000e\000n\000e\000r\000a\000t\000i\000o\000n\000\040\000i\000n\000\040\000a\000\040\000D\000E\000A\000-\000E\000I\000T\000\040\000S\000e\000n\000s\000o\000r\000-\000A\000c\000t\000u\000a\000t\000o\000r\000\040\000D\000e\000v\000i\000c\000e}{}% 143
\BOOKMARK [1][-]{section.370}{\376\377\0007\000.\0001\000\040\000I\000n\000t\000r\000o\000d\000u\000c\000t\000i\000o\000n}{chapter.368}% 144
\BOOKMARK [2][-]{subsection.371}{\376\377\0007\000.\0001\000.\0001\000\040\000B\000a\000c\000k\000g\000r\000o\000u\000n\000d}{section.370}% 145
\BOOKMARK [1][-]{section.379}{\376\377\0007\000.\0002\000\040\000M\000e\000t\000h\000o\000d\000o\000l\000o\000g\000y}{chapter.368}% 146
\BOOKMARK [2][-]{subsection.381}{\376\377\0007\000.\0002\000.\0001\000\040\000D\000E\000A\000\040\000L\000o\000a\000d\000\040\000S\000t\000u\000d\000y}{section.379}% 147
\BOOKMARK [2][-]{subsection.382}{\376\377\0007\000.\0002\000.\0002\000\040\000D\000e\000f\000o\000r\000m\000e\000d\000\040\000D\000E\000A\000\040\000E\000l\000e\000c\000t\000r\000o\000s\000t\000a\000t\000i\000c\000s\000\040\000S\000t\000u\000d\000y}{section.379}% 148
\BOOKMARK [2][-]{subsection.383}{\376\377\0007\000.\0002\000.\0003\000\040\000V\000o\000l\000t\000a\000g\000e\000\040\000a\000n\000d\000\040\000E\000n\000e\000r\000g\000y\000\040\000G\000e\000n\000e\000r\000a\000t\000i\000o\000n}{section.379}% 149
\BOOKMARK [1][-]{section.385}{\376\377\0007\000.\0003\000\040\000R\000e\000s\000u\000l\000t\000s}{chapter.368}% 150
\BOOKMARK [2][-]{subsection.386}{\376\377\0007\000.\0003\000.\0001\000\040\000D\000E\000A\000\040\000L\000o\000a\000d\000\040\000S\000t\000u\000d\000y}{section.385}% 151
\BOOKMARK [2][-]{subsection.388}{\376\377\0007\000.\0003\000.\0002\000\040\000D\000e\000f\000o\000r\000m\000e\000d\000\040\000D\000E\000A\000\040\000E\000l\000e\000c\000t\000r\000o\000s\000t\000a\000t\000i\000c\000s\000\040\000S\000t\000u\000d\000y}{section.385}% 152
\BOOKMARK [2][-]{subsection.390}{\376\377\0007\000.\0003\000.\0003\000\040\000V\000o\000l\000t\000a\000g\000e\000\040\000a\000n\000d\000\040\000E\000n\000e\000r\000g\000y\000\040\000G\000e\000n\000e\000r\000a\000t\000i\000o\000n}{section.385}% 153
\BOOKMARK [1][-]{section.394}{\376\377\0007\000.\0004\000\040\000D\000i\000s\000c\000u\000s\000s\000i\000o\000n}{chapter.368}% 154
\BOOKMARK [1][-]{section.396}{\376\377\0007\000.\0005\000\040\000C\000o\000n\000c\000l\000u\000s\000i\000o\000n\000s}{chapter.368}% 155
\BOOKMARK [0][-]{chapter.397}{\376\377\0008\000\040\000B\000e\000y\000o\000n\000d\000\040\000R\000i\000g\000i\000d\000\040\000-\000\040\000A\000\040\000S\000o\000f\000t\000e\000r\000\040\000F\000u\000t\000u\000r\000e}{}% 156
\BOOKMARK [1][-]{section.398}{\376\377\0008\000.\0001\000\040\000C\000o\000r\000e\000\040\000R\000e\000s\000e\000a\000r\000c\000h\000\040\000F\000i\000n\000d\000i\000n\000g\000s}{chapter.397}% 157
\BOOKMARK [1][-]{section.399}{\376\377\0008\000.\0002\000\040\000F\000u\000t\000u\000r\000e\000\040\000W\000o\000r\000k}{chapter.397}% 158
\BOOKMARK [1][-]{section.400}{\376\377\0008\000.\0003\000\040\000C\000o\000n\000c\000l\000u\000d\000i\000n\000g\000\040\000S\000t\000a\000t\000e\000m\000e\000n\000t\000s}{chapter.397}% 159
\BOOKMARK [0][-]{appendix.401}{\376\377\000A\000\040\000T\000h\000e\000s\000i\000s\000\040\000C\000r\000o\000s\000s\000w\000o\000r\000d}{}% 160
\BOOKMARK [0][-]{appendix.403}{\376\377\000B\000\040\000S\000t\000r\000a\000i\000n\000-\000S\000t\000r\000e\000s\000s\000-\000R\000e\000s\000i\000s\000t\000a\000n\000c\000e\000\040\000E\000x\000p\000e\000r\000i\000m\000e\000n\000t\000s}{}% 161
\BOOKMARK [0][-]{appendix.407}{\376\377\000C\000\040\000E\000I\000T\000-\000b\000a\000s\000e\000d\000\040\000P\000r\000e\000s\000s\000u\000r\000e\000\040\000S\000e\000n\000s\000o\000r\000\040\000R\000e\000v\000i\000e\000w}{}% 162
\BOOKMARK [0][-]{appendix.410}{\376\377\000D\000\040\000E\000I\000T\000-\000b\000a\000s\000e\000d\000\040\000P\000r\000e\000s\000s\000u\000r\000e\000\040\000S\000e\000n\000s\000o\000r\000\040\000P\000e\000r\000f\000o\000r\000m\000a\000n\000c\000e\000\040\000M\000e\000t\000r\000i\000c\000s}{}% 163
\BOOKMARK [1][-]{section.411}{\376\377\000D\000.\0001\000\040\000N\000o\000i\000s\000e\000\040\000R\000e\000m\000o\000v\000a\000l}{appendix.410}% 164
\BOOKMARK [1][-]{section.414}{\376\377\000D\000.\0002\000\040\000M\000o\000r\000e\000\040\000T\000h\000r\000e\000s\000h\000o\000l\000d\000\040\000P\000e\000r\000c\000e\000n\000t\000a\000g\000e\000\040\000M\000a\000s\000k\000s}{appendix.410}% 165
\BOOKMARK [1][-]{section.421}{\376\377\000D\000.\0003\000\040\000Q\000u\000a\000s\000i\000-\000s\000t\000a\000t\000i\000c\000\040\000C\000o\000n\000d\000u\000c\000t\000a\000n\000c\000e\000\040\000S\000t\000r\000a\000i\000n\000\040\000F\000i\000t\000t\000e\000d\000\040\000D\000a\000t\000a}{appendix.410}% 166
\BOOKMARK [1][-]{section.423}{\376\377\000D\000.\0004\000\040\0001\000D\000\040\000a\000n\000d\000\040\0002\000D\000\040\000S\000t\000r\000a\000i\000n\000\040\000S\000e\000t\000t\000l\000i\000n\000g\000\040\000T\000i\000m\000e\000s}{appendix.410}% 167
\BOOKMARK [1][-]{section.428}{\376\377\000D\000.\0005\000\040\000P\000e\000r\000f\000o\000r\000m\000a\000n\000c\000e\000\040\000M\000e\000t\000r\000i\000c\000s\000\040\000E\000x\000a\000m\000p\000l\000e}{appendix.410}% 168
\BOOKMARK [1][-]{section.430}{\376\377\000D\000.\0006\000\040\000R\000a\000n\000d\000o\000m\000i\000s\000e\000d\000\040\000t\000e\000s\000t\000\040\000S\000D\000\040\000m\000e\000t\000r\000i\000c\000s\000\040\000d\000a\000t\000a}{appendix.410}% 169
\BOOKMARK [0][-]{appendix.432}{\376\377\000E\000\040\000P\000o\000r\000t\000a\000b\000l\000e\000\040\000E\000I\000T\000-\000b\000a\000s\000e\000d\000\040\000P\000r\000e\000s\000s\000u\000r\000e\000\040\000S\000e\000n\000s\000o\000r\000\040\000B\000u\000i\000l\000d\000\040\000a\000n\000d\000\040\000O\000p\000e\000r\000a\000t\000i\000o\000n}{}% 170
\BOOKMARK [1][-]{section.434}{\376\377\000E\000.\0001\000\040\000B\000u\000i\000l\000d\000\040\000M\000e\000t\000h\000o\000d\000o\000l\000o\000g\000y}{appendix.432}% 171
\BOOKMARK [2][-]{subsection.435}{\376\377\000E\000.\0001\000.\0001\000\040\000E\000R\000T\000\040\000S\000e\000n\000s\000o\000r}{section.434}% 172
\BOOKMARK [2][-]{subsection.439}{\376\377\000E\000.\0001\000.\0002\000\040\000S\000e\000n\000s\000i\000n\000g\000\040\000D\000o\000m\000a\000i\000n}{section.434}% 173
\BOOKMARK [2][-]{subsection.445}{\376\377\000E\000.\0001\000.\0003\000\040\000C\000a\000r\000t\000e\000s\000i\000a\000n\000\040\000f\000o\000r\000c\000e\000\040\000a\000p\000p\000l\000i\000c\000a\000t\000o\000r}{section.434}% 174
\BOOKMARK [1][-]{section.449}{\376\377\000E\000.\0002\000\040\000O\000p\000e\000r\000a\000t\000i\000o\000n\000\040\000i\000n\000s\000t\000r\000u\000c\000t\000i\000o\000n\000s}{appendix.432}% 175
\BOOKMARK [2][-]{subsection.458}{\376\377\000E\000.\0002\000.\0001\000\040\000E\000R\000T\000\040\000s\000e\000n\000s\000o\000r\000\040\000p\000o\000w\000e\000r\000\040\000m\000o\000d\000e\000s}{section.449}% 176
\BOOKMARK [2][-]{subsection.460}{\376\377\000E\000.\0002\000.\0002\000\040\000E\000R\000T\000\040\000s\000e\000n\000s\000o\000r\000\040\000p\000r\000o\000g\000r\000a\000m\000m\000i\000n\000g}{section.449}% 177
\BOOKMARK [2][-]{subsection.461}{\376\377\000E\000.\0002\000.\0003\000\040\000E\000R\000T\000\040\000s\000e\000n\000s\000i\000n\000g\000\040\000d\000o\000m\000a\000i\000n\000\040\000p\000r\000e\000p\000a\000r\000a\000t\000i\000o\000n}{section.449}% 178
\BOOKMARK [2][-]{subsection.462}{\376\377\000E\000.\0002\000.\0004\000\040\000L\000o\000a\000d\000\040\000a\000p\000p\000l\000i\000c\000a\000t\000i\000o\000n\000\040\000p\000o\000i\000n\000t\000\040\000a\000n\000d\000\040\000s\000t\000r\000a\000i\000n\000\040\000c\000o\000n\000f\000i\000g\000u\000r\000a\000t\000i\000o\000n}{section.449}% 179
\BOOKMARK [2][-]{subsection.464}{\376\377\000E\000.\0002\000.\0005\000\040\000L\000o\000a\000d\000\040\000e\000x\000p\000e\000r\000i\000m\000e\000n\000t\000\040\000e\000x\000e\000c\000u\000t\000i\000o\000n}{section.449}% 180
\BOOKMARK [2][-]{subsection.465}{\376\377\000E\000.\0002\000.\0006\000\040\000T\000o\000u\000c\000h\000-\000b\000a\000s\000e\000d\000\040\000m\000e\000s\000h\000\040\000b\000e\000d\000\040\000l\000e\000v\000e\000l\000i\000n\000g}{section.449}% 181
\BOOKMARK [2][-]{subsection.466}{\376\377\000E\000.\0002\000.\0007\000\040\000D\000a\000t\000a\000\040\000c\000a\000p\000t\000u\000r\000e}{section.449}% 182
\BOOKMARK [2][-]{subsection.471}{\376\377\000E\000.\0002\000.\0008\000\040\000D\000a\000t\000a\000\040\000p\000r\000o\000c\000e\000s\000s\000i\000n\000g}{section.449}% 183
\BOOKMARK [1][-]{section.475}{\376\377\000E\000.\0003\000\040\000C\000o\000n\000s\000t\000r\000u\000c\000t\000i\000o\000n\000\040\000a\000n\000d\000\040\000O\000p\000e\000r\000a\000t\000i\000o\000n\000a\000l\000\040\000S\000a\000f\000e\000t\000y}{appendix.432}% 184
\BOOKMARK [2][-]{subsection.476}{\376\377\000E\000.\0003\000.\0001\000\040\000C\000o\000n\000s\000t\000r\000u\000c\000t\000i\000o\000n}{section.475}% 185
\BOOKMARK [2][-]{subsection.477}{\376\377\000E\000.\0003\000.\0002\000\040\000O\000p\000e\000r\000a\000t\000i\000o\000n}{section.475}% 186
\BOOKMARK [0][-]{appendix.478}{\376\377\000F\000\040\000D\000i\000e\000l\000e\000c\000t\000r\000i\000c\000\040\000E\000l\000a\000s\000t\000o\000m\000e\000r\000\040\000G\000e\000n\000e\000r\000a\000t\000o\000r\000\040\000V\000a\000l\000i\000d\000a\000t\000i\000o\000n}{}% 187
\BOOKMARK [1][-]{section.479}{\376\377\000F\000.\0001\000\040\000V\000\040\000C\000a\000l\000c\000u\000l\000c\000a\000t\000i\000o\000n}{appendix.478}% 188
\BOOKMARK [0][-]{dummy.489}{\376\377\000B\000i\000b\000l\000i\000o\000g\000r\000a\000p\000h\000y}{}% 189
