This is pdfTeX, Version 3.141592653-2.6-1.40.25 (MiKTeX 23.12) (preloaded format=latex 2024.4.29)  29 APR 2024 11:50
entering extended mode
 restricted \write18 enabled.
 %&-line parsing enabled.
**./Thesis.tex
(Thesis.tex
LaTeX2e <2023-11-01>
L3 programming layer <2024-01-04>
(Thesis.cls
Document Class: Thesis 2007/22/02 v1.0 LaTeX document class
(C:\Users\rel80\AppData\Local\Programs\MiKTeX\tex/latex/base\book.cls
Document Class: book 2023/05/17 v1.4n Standard LaTeX document class
(C:\Users\rel80\AppData\Local\Programs\MiKTeX\tex/latex/base\bk11.clo
File: bk11.clo 2023/05/17 v1.4n Standard LaTeX file (size option)
)
\c@part=\count187
\c@chapter=\count188
\c@section=\count189
\c@subsection=\count190
\c@subsubsection=\count191
\c@paragraph=\count192
\c@subparagraph=\count193
\c@figure=\count194
\c@table=\count195
\abovecaptionskip=\skip48
\belowcaptionskip=\skip49
\bibindent=\dimen140
)
(C:\Users\rel80\AppData\Local\Programs\MiKTeX\tex/latex/setspace\setspace.sty
Package: setspace 2022/12/04 v6.7b set line spacing
)
(C:\Users\rel80\AppData\Local\Programs\MiKTeX\tex/latex/vmargin\vmargin.sty
Package: vmargin 2004/07/15 V2.5 set document margins (VK)

Package: vmargin 2004/07/15 V2.5 set document margins (VK)
\PaperWidth=\dimen141
\PaperHeight=\dimen142
) (C:\Users\rel80\AppData\Local\Programs\MiKTeX\tex/latex/fancyhdr\fancyhdr.sty
Package: fancyhdr 2022/11/09 v4.1 Extensive control of page headers and footers

\f@nch@headwidth=\skip50
\f@nch@O@elh=\skip51
\f@nch@O@erh=\skip52
\f@nch@O@olh=\skip53
\f@nch@O@orh=\skip54
\f@nch@O@elf=\skip55
\f@nch@O@erf=\skip56
\f@nch@O@olf=\skip57
\f@nch@O@orf=\skip58
) (C:\Users\rel80\AppData\Local\Programs\MiKTeX\tex/latex/amsmath\amsmath.sty
Package: amsmath 2023/05/13 v2.17o AMS math features
\@mathmargin=\skip59

For additional information on amsmath, use the `?' option.
(C:\Users\rel80\AppData\Local\Programs\MiKTeX\tex/latex/amsmath\amstext.sty
Package: amstext 2021/08/26 v2.01 AMS text

(C:\Users\rel80\AppData\Local\Programs\MiKTeX\tex/latex/amsmath\amsgen.sty
File: amsgen.sty 1999/11/30 v2.0 generic functions
\@emptytoks=\toks17
\ex@=\dimen143
))
(C:\Users\rel80\AppData\Local\Programs\MiKTeX\tex/latex/amsmath\amsbsy.sty
Package: amsbsy 1999/11/29 v1.2d Bold Symbols
\pmbraise@=\dimen144
)
(C:\Users\rel80\AppData\Local\Programs\MiKTeX\tex/latex/amsmath\amsopn.sty
Package: amsopn 2022/04/08 v2.04 operator names
)
\inf@bad=\count196
LaTeX Info: Redefining \frac on input line 234.
\uproot@=\count197
\leftroot@=\count198
LaTeX Info: Redefining \overline on input line 399.
LaTeX Info: Redefining \colon on input line 410.
\classnum@=\count199
\DOTSCASE@=\count266
LaTeX Info: Redefining \ldots on input line 496.
LaTeX Info: Redefining \dots on input line 499.
LaTeX Info: Redefining \cdots on input line 620.
\Mathstrutbox@=\box51
\strutbox@=\box52
LaTeX Info: Redefining \big on input line 722.
LaTeX Info: Redefining \Big on input line 723.
LaTeX Info: Redefining \bigg on input line 724.
LaTeX Info: Redefining \Bigg on input line 725.
\big@size=\dimen145
LaTeX Font Info:    Redeclaring font encoding OML on input line 743.
LaTeX Font Info:    Redeclaring font encoding OMS on input line 744.
\macc@depth=\count267
LaTeX Info: Redefining \bmod on input line 905.
LaTeX Info: Redefining \pmod on input line 910.
LaTeX Info: Redefining \smash on input line 940.
LaTeX Info: Redefining \relbar on input line 970.
LaTeX Info: Redefining \Relbar on input line 971.
\c@MaxMatrixCols=\count268
\dotsspace@=\muskip16
\c@parentequation=\count269
\dspbrk@lvl=\count270
\tag@help=\toks18
\row@=\count271
\column@=\count272
\maxfields@=\count273
\andhelp@=\toks19
\eqnshift@=\dimen146
\alignsep@=\dimen147
\tagshift@=\dimen148
\tagwidth@=\dimen149
\totwidth@=\dimen150
\lineht@=\dimen151
\@envbody=\toks20
\multlinegap=\skip60
\multlinetaggap=\skip61
\mathdisplay@stack=\toks21
LaTeX Info: Redefining \[ on input line 2953.
LaTeX Info: Redefining \] on input line 2954.
)
(C:\Users\rel80\AppData\Local\Programs\MiKTeX\tex/latex/amsfonts\amsfonts.sty
Package: amsfonts 2013/01/14 v3.01 Basic AMSFonts support
\symAMSa=\mathgroup4
\symAMSb=\mathgroup5
LaTeX Font Info:    Redeclaring math symbol \hbar on input line 98.
LaTeX Font Info:    Overwriting math alphabet `\mathfrak' in version `bold'
(Font)                  U/euf/m/n --> U/euf/b/n on input line 106.
)
(C:\Users\rel80\AppData\Local\Programs\MiKTeX\tex/latex/amsfonts\amssymb.sty
Package: amssymb 2013/01/14 v3.01 AMS font symbols
)
(C:\Users\rel80\AppData\Local\Programs\MiKTeX\tex/latex/amsmath\amscd.sty
Package: amscd 2017/04/14 v2.1 AMS Commutative Diagrams
\athelp@=\toks22
\minaw@=\dimen152
\bigaw@=\dimen153
\minCDarrowwidth=\dimen154
)
(C:\Users\rel80\AppData\Local\Programs\MiKTeX\tex/latex/amscls\amsthm.sty
Package: amsthm 2020/05/29 v2.20.6
\thm@style=\toks23
\thm@bodyfont=\toks24
\thm@headfont=\toks25
\thm@notefont=\toks26
\thm@headpunct=\toks27
\thm@preskip=\skip62
\thm@postskip=\skip63
\thm@headsep=\skip64
\dth@everypar=\toks28
)
(C:\Users\rel80\AppData\Local\Programs\MiKTeX\tex/latex/tools\xspace.sty
Package: xspace 2014/10/28 v1.13 Space after command names (DPC,MH)
)
\c@example=\count274
\c@theorem=\count275

(C:\Users\rel80\AppData\Local\Programs\MiKTeX\tex/latex/caption\caption.sty
Package: caption 2023/08/05 v3.6o Customizing captions (AR)

(C:\Users\rel80\AppData\Local\Programs\MiKTeX\tex/latex/caption\caption3.sty
Package: caption3 2023/07/31 v2.4d caption3 kernel (AR)

(C:\Users\rel80\AppData\Local\Programs\MiKTeX\tex/latex/graphics\keyval.sty
Package: keyval 2022/05/29 v1.15 key=value parser (DPC)
\KV@toks@=\toks29
)
\caption@tempdima=\dimen155
\captionmargin=\dimen156
\caption@leftmargin=\dimen157
\caption@rightmargin=\dimen158
\caption@width=\dimen159
\caption@indent=\dimen160
\caption@parindent=\dimen161
\caption@hangindent=\dimen162
Package caption Info: Standard document class detected.
)
\c@caption@flags=\count276
\c@continuedfloat=\count277
)
(C:\Users\rel80\AppData\Local\Programs\MiKTeX\tex/latex/graphics\graphicx.sty
Package: graphicx 2021/09/16 v1.2d Enhanced LaTeX Graphics (DPC,SPQR)

(C:\Users\rel80\AppData\Local\Programs\MiKTeX\tex/latex/graphics\graphics.sty
Package: graphics 2022/03/10 v1.4e Standard LaTeX Graphics (DPC,SPQR)

(C:\Users\rel80\AppData\Local\Programs\MiKTeX\tex/latex/graphics\trig.sty
Package: trig 2021/08/11 v1.11 sin cos tan (DPC)
)
(C:\Users\rel80\AppData\Local\Programs\MiKTeX\tex/latex/graphics-cfg\graphics.c
fg
File: graphics.cfg 2016/06/04 v1.11 sample graphics configuration
)
Package graphics Info: Driver file: dvips.def on input line 107.

(C:\Users\rel80\AppData\Local\Programs\MiKTeX\tex/latex/graphics-def\dvips.def
File: dvips.def 2022/09/22 v3.1e Graphics/color driver for dvips
))
\Gin@req@height=\dimen163
\Gin@req@width=\dimen164
)
(C:\Users\rel80\AppData\Local\Programs\MiKTeX\tex/latex/epstopdf-pkg\epstopdf.s
ty
Package: epstopdf 2020-01-24 v2.11 Conversion with epstopdf on the fly (HO)

(C:\Users\rel80\AppData\Local\Programs\MiKTeX\tex/generic/infwarerr\infwarerr.s
ty
Package: infwarerr 2019/12/03 v1.5 Providing info/warning/error messages (HO)
) (C:\Users\rel80\AppData\Local\Programs\MiKTeX\tex/latex/grfext\grfext.sty
Package: grfext 2019/12/03 v1.3 Manage graphics extensions (HO)

(C:\Users\rel80\AppData\Local\Programs\MiKTeX\tex/generic/kvdefinekeys\kvdefine
keys.sty
Package: kvdefinekeys 2019-12-19 v1.6 Define keys (HO)
))
(C:\Users\rel80\AppData\Local\Programs\MiKTeX\tex/latex/kvoptions\kvoptions.sty
Package: kvoptions 2022-06-15 v3.15 Key value format for package options (HO)
(C:\Users\rel80\AppData\Local\Programs\MiKTeX\tex/generic/ltxcmds\ltxcmds.sty
Package: ltxcmds 2023-12-04 v1.26 LaTeX kernel commands for general use (HO)
)
(C:\Users\rel80\AppData\Local\Programs\MiKTeX\tex/latex/kvsetkeys\kvsetkeys.sty
Package: kvsetkeys 2022-10-05 v1.19 Key value parser (HO)
))
(C:\Users\rel80\AppData\Local\Programs\MiKTeX\tex/generic/pdftexcmds\pdftexcmds
.sty
Package: pdftexcmds 2020-06-27 v0.33 Utility functions of pdfTeX for LuaTeX (HO
)
 (C:\Users\rel80\AppData\Local\Programs\MiKTeX\tex/generic/iftex\iftex.sty
Package: iftex 2022/02/03 v1.0f TeX engine tests
)
Package pdftexcmds Info: \pdf@primitive is available.
Package pdftexcmds Info: \pdf@ifprimitive is available.
Package pdftexcmds Info: \pdfdraftmode is ignored in DVI mode.
)
(C:\Users\rel80\AppData\Local\Programs\MiKTeX\tex/latex/epstopdf-pkg\epstopdf-b
ase.sty
Package: epstopdf-base 2020-01-24 v2.11 Base part for package epstopdf


Package epstopdf Warning: Drivers other than `pdftex' and `luatex' are not supp
orted.

))
(C:\Users\rel80\AppData\Local\Programs\MiKTeX\tex/latex/subfigure\subfigure.sty
Package: subfigure 2002/07/30 v2.1.4 subfigure package
\subfigtopskip=\skip65
\subfigcapskip=\skip66
\subfigcaptopadj=\dimen165
\subfigbottomskip=\skip67
\subfigcapmargin=\dimen166
\subfiglabelskip=\skip68
\c@subfigure=\count278
\c@lofdepth=\count279
\c@subtable=\count280
\c@lotdepth=\count281
****************************************
* Local config file subfigure.cfg used *
****************************************

(C:\Users\rel80\AppData\Local\Programs\MiKTeX\tex/latex/subfigure\subfigure.cfg
)
\subfig@top=\skip69
\subfig@bottom=\skip70
)
(C:\Users\rel80\AppData\Local\Programs\MiKTeX\tex/latex/booktabs\booktabs.sty
Package: booktabs 2020/01/12 v1.61803398 Publication quality tables
\heavyrulewidth=\dimen167
\lightrulewidth=\dimen168
\cmidrulewidth=\dimen169
\belowrulesep=\dimen170
\belowbottomsep=\dimen171
\aboverulesep=\dimen172
\abovetopsep=\dimen173
\cmidrulesep=\dimen174
\cmidrulekern=\dimen175
\defaultaddspace=\dimen176
\@cmidla=\count282
\@cmidlb=\count283
\@aboverulesep=\dimen177
\@belowrulesep=\dimen178
\@thisruleclass=\count284
\@lastruleclass=\count285
\@thisrulewidth=\dimen179
)
(C:\Users\rel80\AppData\Local\Programs\MiKTeX\tex/latex/graphics\rotating.sty
Package: rotating 2016/08/11 v2.16d rotated objects in LaTeX

(C:\Users\rel80\AppData\Local\Programs\MiKTeX\tex/latex/base\ifthen.sty
Package: ifthen 2022/04/13 v1.1d Standard LaTeX ifthen package (DPC)
)
\c@r@tfl@t=\count286
\rotFPtop=\skip71
\rotFPbot=\skip72
\rot@float@box=\box53
\rot@mess@toks=\toks30
)
(C:\Users\rel80\AppData\Local\Programs\MiKTeX\tex/latex/listings\listings.sty
\lst@mode=\count287
\lst@gtempboxa=\box54
\lst@token=\toks31
\lst@length=\count288
\lst@currlwidth=\dimen180
\lst@column=\count289
\lst@pos=\count290
\lst@lostspace=\dimen181
\lst@width=\dimen182
\lst@newlines=\count291
\lst@lineno=\count292
\lst@maxwidth=\dimen183

(lstpatch.sty

***
*** This is a patch for listings 1.3, but you're using
*** version 1.9.
***
*** Patch file not loaded.
***

) (C:\Users\rel80\AppData\Local\Programs\MiKTeX\tex/latex/listings\lstmisc.sty
File: lstmisc.sty 2023/02/27 1.9 (Carsten Heinz)
\c@lstnumber=\count293
\lst@skipnumbers=\count294
\lst@framebox=\box55
) (C:\Users\rel80\AppData\Local\Programs\MiKTeX\tex/latex/listings\listings.cfg
File: listings.cfg 2023/02/27 1.9 listings configuration
))
Package: listings 2023/02/27 1.9 (Carsten Heinz)
 (lstpatch.sty

***
*** This is a patch for listings 1.3, but you're using
*** version 1.9.
***
 *** Patch file not loaded.
***

) (C:\Users\rel80\AppData\Local\Programs\MiKTeX\tex/latex/hyperref\hyperref.sty
Package: hyperref 2023-11-26 v7.01g Hypertext links for LaTeX

(C:\Users\rel80\AppData\Local\Programs\MiKTeX\tex/generic/pdfescape\pdfescape.s
ty
Package: pdfescape 2019/12/09 v1.15 Implements pdfTeX's escape features (HO)
) (C:\Users\rel80\AppData\Local\Programs\MiKTeX\tex/latex/hycolor\hycolor.sty
Package: hycolor 2020-01-27 v1.10 Color options for hyperref/bookmark (HO)
)
(C:\Users\rel80\AppData\Local\Programs\MiKTeX\tex/latex/letltxmacro\letltxmacro
.sty
Package: letltxmacro 2019/12/03 v1.6 Let assignment for LaTeX macros (HO)
)
(C:\Users\rel80\AppData\Local\Programs\MiKTeX\tex/latex/auxhook\auxhook.sty
Package: auxhook 2019-12-17 v1.6 Hooks for auxiliary files (HO)
)
(C:\Users\rel80\AppData\Local\Programs\MiKTeX\tex/latex/hyperref\nameref.sty
Package: nameref 2023-11-26 v2.56 Cross-referencing by name of section

(C:\Users\rel80\AppData\Local\Programs\MiKTeX\tex/latex/refcount\refcount.sty
Package: refcount 2019/12/15 v3.6 Data extraction from label references (HO)
)
(C:\Users\rel80\AppData\Local\Programs\MiKTeX\tex/generic/gettitlestring\gettit
lestring.sty
Package: gettitlestring 2019/12/15 v1.6 Cleanup title references (HO)
)
\c@section@level=\count295
)
(C:\Users\rel80\AppData\Local\Programs\MiKTeX\tex/latex/etoolbox\etoolbox.sty
Package: etoolbox 2020/10/05 v2.5k e-TeX tools for LaTeX (JAW)
\etb@tempcnta=\count296
)
\@linkdim=\dimen184
\Hy@linkcounter=\count297
\Hy@pagecounter=\count298

(C:\Users\rel80\AppData\Local\Programs\MiKTeX\tex/latex/hyperref\pd1enc.def
File: pd1enc.def 2023-11-26 v7.01g Hyperref: PDFDocEncoding definition (HO)
Now handling font encoding PD1 ...
... no UTF-8 mapping file for font encoding PD1
)
(C:\Users\rel80\AppData\Local\Programs\MiKTeX\tex/generic/intcalc\intcalc.sty
Package: intcalc 2019/12/15 v1.3 Expandable calculations with integers (HO)
)
\Hy@SavedSpaceFactor=\count299

(C:\Users\rel80\AppData\Local\Programs\MiKTeX\tex/latex/hyperref\puenc.def
File: puenc.def 2023-11-26 v7.01g Hyperref: PDF Unicode definition (HO)
Now handling font encoding PU ...
... no UTF-8 mapping file for font encoding PU
)
Package hyperref Info: Option `bookmarks' set `true' on input line 4064.
Package hyperref Info: Option `bookmarksopen' set `true' on input line 4064.
Package hyperref Info: Option `bookmarksnumbered' set `true' on input line 4064
.
Package hyperref Info: Option `hypertexnames' set `false' on input line 4064.
Package hyperref Info: Option `colorlinks' set `true' on input line 4064.
Package hyperref Info: Option `unicode' set `true' on input line 4064.
Package hyperref Info: Option `breaklinks' set `true' on input line 4064.
Package hyperref Info: Hyper figures OFF on input line 4181.
Package hyperref Info: Link nesting OFF on input line 4186.
Package hyperref Info: Hyper index ON on input line 4189.
Package hyperref Info: Plain pages OFF on input line 4196.
Package hyperref Info: Backreferencing OFF on input line 4201.
Package hyperref Info: Implicit mode ON; LaTeX internals redefined.
Package hyperref Info: Bookmarks ON on input line 4448.
\c@Hy@tempcnt=\count300

(C:\Users\rel80\AppData\Local\Programs\MiKTeX\tex/latex/url\url.sty
\Urlmuskip=\muskip17
Package: url 2013/09/16  ver 3.4  Verb mode for urls, etc.
)
LaTeX Info: Redefining \url on input line 4786.
\XeTeXLinkMargin=\dimen185

(C:\Users\rel80\AppData\Local\Programs\MiKTeX\tex/generic/bitset\bitset.sty
Package: bitset 2019/12/09 v1.3 Handle bit-vector datatype (HO)

(C:\Users\rel80\AppData\Local\Programs\MiKTeX\tex/generic/bigintcalc\bigintcalc
.sty
Package: bigintcalc 2019/12/15 v1.5 Expandable calculations on big integers (HO
)
))
\Fld@menulength=\count301
\Field@Width=\dimen186
\Fld@charsize=\dimen187
Package hyperref Info: Hyper figures OFF on input line 6065.
Package hyperref Info: Link nesting OFF on input line 6070.
Package hyperref Info: Hyper index ON on input line 6073.
Package hyperref Info: backreferencing OFF on input line 6080.
Package hyperref Info: Link coloring ON on input line 6083.
Package hyperref Info: Link coloring with OCG OFF on input line 6090.
Package hyperref Info: PDF/A mode OFF on input line 6095.

(C:\Users\rel80\AppData\Local\Programs\MiKTeX\tex/latex/base\atbegshi-ltx.sty
Package: atbegshi-ltx 2021/01/10 v1.0c Emulation of the original atbegshi
package with kernel methods
)
\Hy@abspage=\count302
\c@Item=\count303
\c@Hfootnote=\count304
)
Package hyperref Info: Driver (default): hdvips.
(C:\Users\rel80\AppData\Local\Programs\MiKTeX\tex/latex/hyperref\hdvips.def
File: hdvips.def 2023-11-26 v7.01g Hyperref driver for dvips

(C:\Users\rel80\AppData\Local\Programs\MiKTeX\tex/latex/hyperref\pdfmark.def
File: pdfmark.def 2023-11-26 v7.01g Hyperref definitions for pdfmark specials


Package hyperref Warning: You have enabled option `breaklinks'.
(hyperref)                But driver `hdvips.def' does not suppport this.
(hyperref)                Expect trouble with the link areas of broken links.

\pdf@docset=\toks32
\pdf@box=\box56
\pdf@toks=\toks33
\pdf@defaulttoks=\toks34
\HyField@AnnotCount=\count305
\Fld@listcount=\count306
\c@bookmark@seq@number=\count307

(C:\Users\rel80\AppData\Local\Programs\MiKTeX\tex/latex/rerunfilecheck\rerunfil
echeck.sty
Package: rerunfilecheck 2022-07-10 v1.10 Rerun checks for auxiliary files (HO)

(C:\Users\rel80\AppData\Local\Programs\MiKTeX\tex/latex/base\atveryend-ltx.sty
Package: atveryend-ltx 2020/08/19 v1.0a Emulation of the original atveryend pac
kage
with kernel methods
)
(C:\Users\rel80\AppData\Local\Programs\MiKTeX\tex/generic/uniquecounter\uniquec
ounter.sty
Package: uniquecounter 2019/12/15 v1.4 Provide unlimited unique counter (HO)
)
Package uniquecounter Info: New unique counter `rerunfilecheck' on input line 2
85.
)
\Hy@SectionHShift=\skip73
))
\c@dummy=\count308

(C:\Users\rel80\AppData\Local\Programs\MiKTeX\tex/latex/tools\longtable.sty
Package: longtable 2023-11-01 v4.19 Multi-page Table package (DPC)
\LTleft=\skip74
\LTright=\skip75
\LTpre=\skip76
\LTpost=\skip77
\LTchunksize=\count309
\LTcapwidth=\dimen188
\LT@head=\box57
\LT@firsthead=\box58
\LT@foot=\box59
\LT@lastfoot=\box60
\LT@gbox=\box61
\LT@cols=\count310
\LT@rows=\count311
\c@LT@tables=\count312
\c@LT@chunks=\count313
\LT@p@ftn=\toks35
))
(C:\Users\rel80\AppData\Local\Programs\MiKTeX\tex/latex/float\float.sty
Package: float 2001/11/08 v1.3d Float enhancements (AL)
\c@float@type=\count314
\float@exts=\toks36
\float@box=\box62
\@float@everytoks=\toks37
\@floatcapt=\box63
)
(C:\Users\rel80\AppData\Local\Programs\MiKTeX\tex/latex/lipsum\lipsum.sty
(C:\Users\rel80\AppData\Local\Programs\MiKTeX\tex/latex/l3packages/l3keys2e\l3k
eys2e.sty
(C:\Users\rel80\AppData\Local\Programs\MiKTeX\tex/latex/l3kernel\expl3.sty
Package: expl3 2024-01-04 L3 programming layer (loader) 

(C:\Users\rel80\AppData\Local\Programs\MiKTeX\tex/latex/l3backend\l3backend-dvi
ps.def
File: l3backend-dvips.def 2024-01-04 L3 backend support: dvips
\l__pdf_internal_box=\box64
\g__pdf_backend_object_int=\count315
\l__pdf_backend_content_box=\box65
\l__pdf_backend_model_box=\box66
\g__pdf_backend_annotation_int=\count316
\g__pdf_backend_link_int=\count317
\g__pdf_backend_link_sf_int=\count318
))
Package: l3keys2e 2023-10-10 LaTeX2e option processing using LaTeX3 keys
)
Package: lipsum 2021-09-20 v2.7 150 paragraphs of Lorem Ipsum dummy text
\g__lipsum_par_int=\count319
\l__lipsum_a_int=\count320
\l__lipsum_b_int=\count321

(C:\Users\rel80\AppData\Local\Programs\MiKTeX\tex/latex/lipsum\lipsum.ltd.tex))
(C:\Users\rel80\AppData\Local\Programs\MiKTeX\tex/latex/import\import.sty
Package: import 2020/04/01  v 6.2
)
(C:\Users\rel80\AppData\Local\Programs\MiKTeX\tex/latex/natbib\natbib.sty
Package: natbib 2010/09/13 8.31b (PWD, AO)
\bibhang=\skip78
\bibsep=\skip79
LaTeX Info: Redefining \cite on input line 694.
\c@NAT@ctr=\count322
)
(C:\Users\rel80\AppData\Local\Programs\MiKTeX\tex/latex/tools\verbatim.sty
Package: verbatim 2023-11-06 v1.5v LaTeX2e package for verbatim enhancements
\every@verbatim=\toks38
\verbatim@line=\toks39
\verbatim@in@stream=\read2
)
(vector.sty
Package: vector 1994/09/16 v1.0 vector macros for LaTeX2e (nde)

(C:\Users\rel80\AppData\Local\Programs\MiKTeX\tex/latex/tools\calc.sty
Package: calc 2023/07/08 v4.3 Infix arithmetic (KKT,FJ)
\calc@Acount=\count323
\calc@Bcount=\count324
\calc@Adimen=\dimen189
\calc@Bdimen=\dimen190
\calc@Askip=\skip80
\calc@Bskip=\skip81
LaTeX Info: Redefining \setlength on input line 80.
LaTeX Info: Redefining \addtolength on input line 81.
\calc@Ccount=\count325
\calc@Cskip=\skip82
)
\c@vec@elem=\count326
)
Package hyperref Info: Option `colorlinks' set `true' on input line 17.

(Thesis.aux

LaTeX Warning: Label `fig:Muscle' multiply defined.


LaTeX Warning: Label `fig:Muscle' multiply defined.


LaTeX Warning: Label `fig:Artificial Muscle' multiply defined.


LaTeX Warning: Label `fig:Artificial Muscle' multiply defined.


LaTeX Warning: Label `fig:Artificial Muscle' multiply defined.


LaTeX Warning: Label `fig:Artificial Muscle' multiply defined.


LaTeX Warning: Label `tab:generalised_model_constants' multiply defined.


LaTeX Warning: Label `tab:generalised_model_constants' multiply defined.


LaTeX Warning: Label `tab:generalised_model_constants' multiply defined.

)
\openout1 = `Thesis.aux'.

LaTeX Font Info:    Checking defaults for OML/cmm/m/it on input line 21.
LaTeX Font Info:    ... okay on input line 21.
LaTeX Font Info:    Checking defaults for OMS/cmsy/m/n on input line 21.
LaTeX Font Info:    ... okay on input line 21.
LaTeX Font Info:    Checking defaults for OT1/cmr/m/n on input line 21.
LaTeX Font Info:    ... okay on input line 21.
LaTeX Font Info:    Checking defaults for T1/cmr/m/n on input line 21.
LaTeX Font Info:    ... okay on input line 21.
LaTeX Font Info:    Checking defaults for TS1/cmr/m/n on input line 21.
LaTeX Font Info:    ... okay on input line 21.
LaTeX Font Info:    Checking defaults for OMX/cmex/m/n on input line 21.
LaTeX Font Info:    ... okay on input line 21.
LaTeX Font Info:    Checking defaults for U/cmr/m/n on input line 21.
LaTeX Font Info:    ... okay on input line 21.
LaTeX Font Info:    Checking defaults for PD1/pdf/m/n on input line 21.
LaTeX Font Info:    ... okay on input line 21.
LaTeX Font Info:    Checking defaults for PU/pdf/m/n on input line 21.
LaTeX Font Info:    ... okay on input line 21.
Package caption Info: Begin \AtBeginDocument code.
Package caption Info: float package is loaded.
Package caption Info: hyperref package is loaded.
Package caption Info: listings package is loaded.
Package caption Info: longtable package is loaded.
 (C:\Users\rel80\AppData\Local\Programs\MiKTeX\tex/latex/caption\ltcaption.sty
Package: ltcaption 2021/01/08 v1.4c longtable captions (AR)
)
Package caption Info: rotating package is loaded.
Package caption Info: subfigure package is loaded.
Package caption Info: End \AtBeginDocument code.
\c@lstlisting=\count327
 (C:\Users\rel80\AppData\Local\Programs\MiKTeX\tex/latex/graphics\color.sty
Package: color 2022/01/06 v1.3d Standard LaTeX Color (DPC)

(C:\Users\rel80\AppData\Local\Programs\MiKTeX\tex/latex/graphics-cfg\color.cfg
File: color.cfg 2016/01/02 v1.6 sample color configuration
)
Package color Info: Driver file: dvips.def on input line 149.
(C:\Users\rel80\AppData\Local\Programs\MiKTeX\tex/latex/graphics\dvipsnam.def
File: dvipsnam.def 2016/06/17 v3.0m Driver-dependent file (DPC,SPQR)
)
(C:\Users\rel80\AppData\Local\Programs\MiKTeX\tex/latex/graphics\mathcolor.ltx)
)
Package hyperref Info: Link coloring ON on input line 21.
 (Thesis.out) (Thesis.out)
\@outlinefile=\write3
\openout3 = `Thesis.out'.



Package hyperref Warning: Rerun to get /PageLabels entry.

------------------------------------------------------------------------------
 Title Page
------------------------------------------------------------------------------
[1



]
------------------------------------------------------------------------------
 Declaration of Authorship
------------------------------------------------------------------------------
LaTeX Font Info:    Trying to load font information for U+msa on input line 79.

(C:\Users\rel80\AppData\Local\Programs\MiKTeX\tex/latex/amsfonts\umsa.fd
File: umsa.fd 2013/01/14 v3.01 AMS symbols A
)
LaTeX Font Info:    Trying to load font information for U+msb on input line 79.


(C:\Users\rel80\AppData\Local\Programs\MiKTeX\tex/latex/amsfonts\umsb.fd
File: umsb.fd 2013/01/14 v3.01 AMS symbols B
)
Underfull \hbox (badness 10000) in paragraph at lines 79--79

 []

[1

] [2

]
------------------------------------------------------------------------------
 Abstract Page
------------------------------------------------------------------------------
[3

]
------------------------------------------------------------------------------
 Acknowledgements
------------------------------------------------------------------------------
[4

]
------------------------------------------------------------------------------
 Table of Contents
------------------------------------------------------------------------------
(Thesis.toc [5


])
\tf@toc=\write4
\openout4 = `Thesis.toc'.

 [6]
------------------------------------------------------------------------------
 List of Figures
------------------------------------------------------------------------------
(Thesis.lof

Package natbib Warning: Citation `Richfield2014' on page vii undefined on input
 line 6.


Package natbib Warning: Citation `Spina2014' on page vii undefined on input lin
e 7.


Package natbib Warning: Citation `Teran2003' on page vii undefined on input lin
e 8.


Package natbib Warning: Citation `Arnold2010' on page vii undefined on input li
ne 9.


Package natbib Warning: Citation `Bajd2010' on page vii undefined on input line
 10.


Package natbib Warning: Citation `Yanjie2018' on page vii undefined on input li
ne 11.


Package natbib Warning: Citation `Kellaris2018' on page vii undefined on input 
line 12.


Package natbib Warning: Citation `Kellaris2018' on page vii undefined on input 
line 13.


Package natbib Warning: Citation `Park2018a' on page vii undefined on input lin
e 14.


Package natbib Warning: Citation `Pelrine2000' on page vii undefined on input l
ine 15.


Package natbib Warning: Citation `Fung1993' on page vii undefined on input line
 17.


Overfull \hbox (29.67563pt too wide) in paragraph at lines 23--23
 [][] [][][]\OT1/cmr/m/n/10.95 COMPARING RE-SIS-TANCE AND STRESS RE-LAX-ATION D
ATA AGAINST 
 []

[7


])
\tf@lof=\write5
\openout5 = `Thesis.lof'.

 [8]
------------------------------------------------------------------------------
 List of Tables
------------------------------------------------------------------------------
(Thesis.lot

Package natbib Warning: Citation `Roudaut2012' on page ix undefined on input li
ne 3.

)
\tf@lot=\write6
\openout6 = `Thesis.lot'.

 [9


]
------------------------------------------------------------------------------
 Abbreviations
------------------------------------------------------------------------------
[10



]
------------------------------------------------------------------------------
 Physical Constants
------------------------------------------------------------------------------
[11



]
------------------------------------------------------------------------------
 Symbols
------------------------------------------------------------------------------
[12



]
------------------------------------------------------------------------------
 Dedicatory
------------------------------------------------------------------------------
[13

] (Chapters/Chapter1.tex
Chapter 1.
------------------------------------------------------------------------------
 1 Introduction
------------------------------------------------------------------------------

Package natbib Warning: Citation `Stella2023' on page 1 undefined on input line
 11.


Package natbib Warning: Citation `Zhang2023' on page 1 undefined on input line 
11.


Package natbib Warning: Citation `Hartmann2021' on page 1 undefined on input li
ne 11.


Package natbib Warning: Citation `Yasa2023' on page 1 undefined on input line 1
1.


Package natbib Warning: Citation `Manti2016' on page 1 undefined on input line 
11.


Package natbib Warning: Citation `Hegde2023' on page 1 undefined on input line 
11.


Package natbib Warning: Citation `DellaSantina2023' on page 1 undefined on inpu
t line 11.


Package natbib Warning: Citation `Armanini2023' on page 1 undefined on input li
ne 11.


Package natbib Warning: Citation `Hartmann2021' on page 1 undefined on input li
ne 11.


Package natbib Warning: Citation `Murugesan1981' on page 1 undefined on input l
ine 11.


Package natbib Warning: Citation `Ashuri2020' on page 1 undefined on input line
 11.


Package natbib Warning: Citation `Branz2017' on page 1 undefined on input line 
11.


Package natbib Warning: Citation `Bruschi2021' on page 1 undefined on input lin
e 11.


Package natbib Warning: Citation `alliedmarketresearch' on page 1 undefined on 
input line 14.


Package natbib Warning: Citation `maximizemarketresearch' on page 1 undefined o
n input line 14.


Package natbib Warning: Citation `usdanalytics' on page 1 undefined on input li
ne 14.


Package natbib Warning: Citation `visualizeresearch' on page 1 undefined on inp
ut line 14.

[1



]

Package natbib Warning: Citation `Gisby2013' on page 2 undefined on input line 
20.


Package natbib Warning: Citation `Rosset2013' on page 2 undefined on input line
 20.


Package natbib Warning: Citation `Liu2016' on page 2 undefined on input line 20
.


Package natbib Warning: Citation `Huang2023' on page 2 undefined on input line 
20.


Package natbib Warning: Citation `MohdIsa2019' on page 2 undefined on input lin
e 20.

[2]) (Chapters/Chapter2.tex [3]
Chapter 2.
------------------------------------------------------------------------------
 2 Literature Review
------------------------------------------------------------------------------

! LaTeX Error: Cannot determine size of graphic in Figures/propriocetors_n_cuta
neous_mechanoreceptors_labelled.png (no BoundingBox).

See the LaTeX manual or LaTeX Companion for explanation.
Type  H <return>  for immediate help.
 ...                                              
                                                  
l.14 ...n_cutaneous_mechanoreceptors_labelled.png}
                                                  
? 
File: Figures/propriocetors_n_cutaneous_mechanoreceptors_labelled.png Graphic f
ile (type eps)
<Figures/propriocetors_n_cutaneous_mechanoreceptors_labelled.png>

LaTeX Warning: `!h' float specifier changed to `!ht'.


LaTeX Warning: File `ADD -> picture of stretchsense glove and other wearables e
tc.png' not found on input line 22.


! LaTeX Error: File `ADD -> picture of stretchsense glove and other wearables e
tc.png' not found.

See the LaTeX manual or LaTeX Companion for explanation.
Type  H <return>  for immediate help.
 ...                                              
                                                  
l.22 ...chsense glove and other wearables etc.png}
                                                  
? 

! LaTeX Error: Cannot determine size of graphic in ADD -> picture of stretchsen
se glove and other wearables etc.png (no BoundingBox).

See the LaTeX manual or LaTeX Companion for explanation.
Type  H <return>  for immediate help.
 ...                                              
                                                  
l.22 ...chsense glove and other wearables etc.png}
                                                  
? 
File: ADD -> picture of stretchsense glove and other wearables etc.png Graphic 
file (type eps)
<ADD -> picture of stretchsense glove and other wearables etc.png> [4

]

LaTeX Warning: File `ADD -> picture of poweron gripper and xsensor etc.png' not
 found on input line 29.


! LaTeX Error: File `ADD -> picture of poweron gripper and xsensor etc.png' not
 found.

See the LaTeX manual or LaTeX Companion for explanation.
Type  H <return>  for immediate help.
 ...                                              
                                                  
l.29 ...re of poweron gripper and xsensor etc.png}
                                                  
? 

! LaTeX Error: Cannot determine size of graphic in ADD -> picture of poweron gr
ipper and xsensor etc.png (no BoundingBox).

See the LaTeX manual or LaTeX Companion for explanation.
Type  H <return>  for immediate help.
 ...                                              
                                                  
l.29 ...re of poweron gripper and xsensor etc.png}
                                                  
? 
File: ADD -> picture of poweron gripper and xsensor etc.png Graphic file (type 
eps)
<ADD -> picture of poweron gripper and xsensor etc.png> [5]
Overfull \hbox (4.8375pt too wide) in paragraph at lines 38--39
[]\OT1/cmr/m/n/10.95 The skin con-tains can be cat-e-gorised as glabrous/hair-l
ess or non-glabrous/hairy. Glabrous
 []


Overfull \hbox (3.7983pt too wide) in paragraph at lines 38--39
\OT1/cmr/m/n/10.95 glabrous skin will also con-tain C-tactile af-fer-ent re-cep
-tors for ob-tain-ing sen-sa-tions through
 []


Package natbib Warning: Citation `Roudaut2012' on page 6 undefined on input lin
e 45.


Package natbib Warning: Citation `Roudaut2012' on page 6 undefined on input lin
e 45.


! LaTeX Error: Cannot determine size of graphic in Figures/mechanoreceptors-tab
le-cropped.jpg (no BoundingBox).

See the LaTeX manual or LaTeX Companion for explanation.
Type  H <return>  for immediate help.
 ...                                              
                                                  
l.47 ...igures/mechanoreceptors-table-cropped.jpg}
                                                  
? 
File: Figures/mechanoreceptors-table-cropped.jpg Graphic file (type eps)
<Figures/mechanoreceptors-table-cropped.jpg> [6] [7]

Package natbib Warning: Citation `Landry2021' on page 8 undefined on input line
 66.


Package natbib Warning: Citation `Kalra2016' on page 8 undefined on input line 
66.


Package natbib Warning: Citation `Graham2019' on page 8 undefined on input line
 66.


Package natbib Warning: Citation `Annaidh2012' on page 8 undefined on input lin
e 66.


Package natbib Warning: Citation `Krotoski1993' on page 8 undefined on input li
ne 67.


Package natbib Warning: Citation `Yokota2020' on page 8 undefined on input line
 68.


Package natbib Warning: Citation `Klein2016' on page 8 undefined on input line 
68.


Package natbib Warning: Citation `Krotoski1993' on page 8 undefined on input li
ne 68.


Package natbib Warning: Citation `Annaidh2012' on page 8 undefined on input lin
e 73.


Package natbib Warning: Citation `Khaothong2010' on page 8 undefined on input l
ine 73.


Package natbib Warning: Citation `Zheng1999' on page 8 undefined on input line 
73.


Package natbib Warning: Citation `Holt2008' on page 8 undefined on input line 7
4.


Package natbib Warning: Citation `Parvini2022' on page 8 undefined on input lin
e 74.


Package natbib Warning: Citation `Geerligs2010' on page 8 undefined on input li
ne 75.


Package natbib Warning: Citation `Annaidh2012' on page 8 undefined on input lin
e 76.


Package natbib Warning: Citation `Ottenio2015' on page 8 undefined on input lin
e 76.


Package natbib Warning: Citation `Holt2008' on page 8 undefined on input line 7
8.


Package natbib Warning: Citation `Landry2021' on page 8 undefined on input line
 80.


Package natbib Warning: Citation `Landry2021' on page 8 undefined on input line
 81.


Package natbib Warning: Citation `Newell2007' on page 8 undefined on input line
 82.


Package natbib Warning: Citation `Paul2018' on page 8 undefined on input line 8
2.


Package natbib Warning: Citation `Ottenio2015' on page 8 undefined on input lin
e 82.


Package natbib Warning: Citation `Ottenio2015' on page 8 undefined on input lin
e 82.

[8]

Package natbib Warning: Citation `Deflorio2022' on page 9 undefined on input li
ne 85.


Package natbib Warning: Citation `Yokota2020' on page 9 undefined on input line
 85.


Package natbib Warning: Citation `Roudaut2012' on page 9 undefined on input lin
e 85.


Package natbib Warning: Citation `Ackerley2014' on page 9 undefined on input li
ne 86.


Package natbib Warning: Citation `Deflorio2022' on page 9 undefined on input li
ne 87.


Package natbib Warning: Citation `Landry2021' on page 9 undefined on input line
 99.

[9]

Package natbib Warning: Citation `Full2004a' on page 10 undefined on input line
 125.


Package natbib Warning: Citation `Shi2019' on page 10 undefined on input line 1
27.


Package natbib Warning: Citation `Mirvakili2018' on page 10 undefined on input 
line 127.


Package natbib Warning: Citation `Zhang2019' on page 10 undefined on input line
 127.


! LaTeX Error: Cannot determine size of graphic in Figures/300px-Sarcomere.png 
(no BoundingBox).

See the LaTeX manual or LaTeX Companion for explanation.
Type  H <return>  for immediate help.
 ...                                              
                                                  
l.133 ...s[width=8cm]{Figures/300px-Sarcomere.png}
                                                  
? 
File: Figures/300px-Sarcomere.png Graphic file (type eps)
<Figures/300px-Sarcomere.png>

Package natbib Warning: Citation `Richfield2014' on page 10 undefined on input 
line 134.


Package natbib Warning: Citation `Richfield2014' on page 10 undefined on input 
line 134.


LaTeX Warning: `!h' float specifier changed to `!ht'.

[10]

! LaTeX Error: Cannot determine size of graphic in Figures/muscle structure.jpg
 (no BoundingBox).

See the LaTeX manual or LaTeX Companion for explanation.
Type  H <return>  for immediate help.
 ...                                              
                                                  
l.144 ...[width=8cm]{Figures/muscle structure.jpg}
                                                  
? 
File: Figures/muscle structure.jpg Graphic file (type eps)
<Figures/muscle structure.jpg>

Package natbib Warning: Citation `Spina2014' on page 11 undefined on input line
 145.


Package natbib Warning: Citation `Spina2014' on page 11 undefined on input line
 145.

[11]

Package natbib Warning: Citation `Hussain2019' undefined on input line 166.


Underfull \hbox (badness 10000) in paragraph at lines 167--172

 []


Underfull \hbox (badness 10000) in paragraph at lines 167--172

 []


Package natbib Warning: Citation `Cross2006' on page 12 undefined on input line
 172.


Package natbib Warning: Citation `Davis2000' on page 12 undefined on input line
 174.


Package natbib Warning: Citation `Wan2017' on page 12 undefined on input line 1
74.

[12]

Package natbib Warning: Citation `Alexander1977' on page 13 undefined on input 
line 181.


Package natbib Warning: Citation `Full2004' on page 13 undefined on input line 
182.


Package natbib Warning: Citation `Full2004' on page 13 undefined on input line 
183.


Package natbib Warning: Citation `Duduta2019' on page 13 undefined on input lin
e 184.


Package natbib Warning: Citation `Smith2005' on page 13 undefined on input line
 185.


Package natbib Warning: Citation `Smith2005' on page 13 undefined on input line
 185.

[13]

LaTeX Warning: File `Figures/Muscle-fiber-active-and-passive-behavior.png' not 
found on input line 204.


! LaTeX Error: File `Figures/Muscle-fiber-active-and-passive-behavior.png' not 
found.

See the LaTeX manual or LaTeX Companion for explanation.
Type  H <return>  for immediate help.
 ...                                              
                                                  
l.204 ...le-fiber-active-and-passive-behavior.png}
                                                  
? 

! LaTeX Error: Cannot determine size of graphic in Figures/Muscle-fiber-active-
and-passive-behavior.png (no BoundingBox).

See the LaTeX manual or LaTeX Companion for explanation.
Type  H <return>  for immediate help.
 ...                                              
                                                  
l.204 ...le-fiber-active-and-passive-behavior.png}
                                                  
? 
File: Figures/Muscle-fiber-active-and-passive-behavior.png Graphic file (type e
ps)
<Figures/Muscle-fiber-active-and-passive-behavior.png>

Package natbib Warning: Citation `Teran2003' on page 14 undefined on input line
 205.


Package natbib Warning: Citation `Teran2003' on page 14 undefined on input line
 205.


Package natbib Warning: Citation `Hill1938' on page 14 undefined on input line 
209.


Package natbib Warning: Citation `Fung1993' on page 14 undefined on input line 
220.


LaTeX Warning: File `Figures/hill_type_muscle_model.png' not found on input lin
e 225.


! LaTeX Error: File `Figures/hill_type_muscle_model.png' not found.

See the LaTeX manual or LaTeX Companion for explanation.
Type  H <return>  for immediate help.
 ...                                              
                                                  
l.225 ...=8cm]{Figures/hill_type_muscle_model.png}
                                                  
? 

! LaTeX Error: Cannot determine size of graphic in Figures/hill_type_muscle_mod
el.png (no BoundingBox).

See the LaTeX manual or LaTeX Companion for explanation.
Type  H <return>  for immediate help.
 ...                                              
                                                  
l.225 ...=8cm]{Figures/hill_type_muscle_model.png}
                                                  
? 
File: Figures/hill_type_muscle_model.png Graphic file (type eps)
<Figures/hill_type_muscle_model.png>

Package natbib Warning: Citation `Arnold2010' on page 14 undefined on input lin
e 226.


Package natbib Warning: Citation `Arnold2010' on page 14 undefined on input lin
e 226.


Package natbib Warning: Citation `Arslan2019' on page 14 undefined on input lin
e 229.

[14]

Package natbib Warning: Citation `Ibitoye2016' on page 15 undefined on input li
ne 238.


Package natbib Warning: Citation `Popovic2004' on page 15 undefined on input li
ne 238.


LaTeX Warning: File `Figures/FES_electric_field.PNG' not found on input line 24
1.


! LaTeX Error: File `Figures/FES_electric_field.PNG' not found.

See the LaTeX manual or LaTeX Companion for explanation.
Type  H <return>  for immediate help.
 ...                                              
                                                  
l.241 ...idth=8cm]{Figures/FES_electric_field.PNG}
                                                  
? 

! LaTeX Error: Cannot determine size of graphic in Figures/FES_electric_field.P
NG (no BoundingBox).

See the LaTeX manual or LaTeX Companion for explanation.
Type  H <return>  for immediate help.
 ...                                              
                                                  
l.241 ...idth=8cm]{Figures/FES_electric_field.PNG}
                                                  
? 
File: Figures/FES_electric_field.PNG Graphic file (type eps)
<Figures/FES_electric_field.PNG>

Package natbib Warning: Citation `Bajd2010' on page 15 undefined on input line 
242.


Package natbib Warning: Citation `Bajd2010' on page 15 undefined on input line 
242.


LaTeX Warning: `!h' float specifier changed to `!ht'.

[15]

Package natbib Warning: Citation `Ma2020' on page 16 undefined on input line 25
2.


LaTeX Warning: File `Figures/IPMC.png' not found on input line 255.


! LaTeX Error: File `Figures/IPMC.png' not found.

See the LaTeX manual or LaTeX Companion for explanation.
Type  H <return>  for immediate help.
 ...                                              
                                                  
l.255 ...ludegraphics[width=8cm]{Figures/IPMC.png}
                                                  
? 

! LaTeX Error: Cannot determine size of graphic in Figures/IPMC.png (no Boundin
gBox).

See the LaTeX manual or LaTeX Companion for explanation.
Type  H <return>  for immediate help.
 ...                                              
                                                  
l.255 ...ludegraphics[width=8cm]{Figures/IPMC.png}
                                                  
? 
File: Figures/IPMC.png Graphic file (type eps)
<Figures/IPMC.png>

Package natbib Warning: Citation `Yanjie2018' on page 16 undefined on input lin
e 256.


Package natbib Warning: Citation `Yanjie2018' on page 16 undefined on input lin
e 256.


Package natbib Warning: Citation `Segalman1999' on page 16 undefined on input l
ine 259.


LaTeX Warning: `!h' float specifier changed to `!ht'.

[16]

Package natbib Warning: Citation `Shahinpoor2016' on page 17 undefined on input
 line 261.


Package natbib Warning: Citation `Ma2020' on page 17 undefined on input line 26
1.


Package natbib Warning: Citation `HOMMA1999' on page 17 undefined on input line
 261.


Package natbib Warning: Citation `Liu1992' on page 17 undefined on input line 2
61.


Package natbib Warning: Citation `Shahinpoor2016' on page 17 undefined on input
 line 261.


Package natbib Warning: Citation `Carrico2015' on page 17 undefined on input li
ne 261.


Package natbib Warning: Citation `Shahinpoor2004' on page 17 undefined on input
 line 263.


Package natbib Warning: Citation `Akle2004' on page 17 undefined on input line 
265.


Package natbib Warning: Citation `Xu2014' on page 17 undefined on input line 26
5.


Package natbib Warning: Citation `Shahinpoor2004' on page 17 undefined on input
 line 265.

[17]

Package natbib Warning: Citation `Guo1994' on page 18 undefined on input line 2
68.


Package natbib Warning: Citation `Kodaira2019' on page 18 undefined on input li
ne 268.


Package natbib Warning: Citation `Chang2013' on page 18 undefined on input line
 268.


Package natbib Warning: Citation `Hubbard2014' on page 18 undefined on input li
ne 268.


Package natbib Warning: Citation `Khawwaf2019' on page 18 undefined on input li
ne 268.


Package natbib Warning: Citation `Kellaris2018' on page 18 undefined on input l
ine 271.


Package natbib Warning: Citation `Acome2018' on page 18 undefined on input line
 271.


Package natbib Warning: Citation `Kellaris2018' on page 18 undefined on input l
ine 271.


Package natbib Warning: Citation `Yuk2016' on page 18 undefined on input line 2
71.


Package natbib Warning: Citation `Keplinger2012' on page 18 undefined on input 
line 271.


LaTeX Warning: File `Figures/HASEL_actuator_crop.jpg' not found on input line 2
74.


! LaTeX Error: File `Figures/HASEL_actuator_crop.jpg' not found.

See the LaTeX manual or LaTeX Companion for explanation.
Type  H <return>  for immediate help.
 ...                                              
                                                  
l.274 ...th=10cm]{Figures/HASEL_actuator_crop.jpg}
                                                  
? 

! LaTeX Error: Cannot determine size of graphic in Figures/HASEL_actuator_crop.
jpg (no BoundingBox).

See the LaTeX manual or LaTeX Companion for explanation.
Type  H <return>  for immediate help.
 ...                                              
                                                  
l.274 ...th=10cm]{Figures/HASEL_actuator_crop.jpg}
                                                  
? 
File: Figures/HASEL_actuator_crop.jpg Graphic file (type eps)
<Figures/HASEL_actuator_crop.jpg>

Package natbib Warning: Citation `Kellaris2018' on page 18 undefined on input l
ine 275.


Package natbib Warning: Citation `Kellaris2018' on page 18 undefined on input l
ine 275.


Package natbib Warning: Citation `Smith2005' on page 18 undefined on input line
 278.


Package natbib Warning: Citation `Kellaris2018' on page 18 undefined on input l
ine 278.


LaTeX Warning: `!h' float specifier changed to `!ht'.


LaTeX Warning: File `Figures/HASEL_manuf.jpg' not found on input line 284.


! LaTeX Error: File `Figures/HASEL_manuf.jpg' not found.

See the LaTeX manual or LaTeX Companion for explanation.
Type  H <return>  for immediate help.
 ...                                              
                                                  
l.284 ...phics[width=8cm]{Figures/HASEL_manuf.jpg}
                                                  
? 

! LaTeX Error: Cannot determine size of graphic in Figures/HASEL_manuf.jpg (no 
BoundingBox).

See the LaTeX manual or LaTeX Companion for explanation.
Type  H <return>  for immediate help.
 ...                                              
                                                  
l.284 ...phics[width=8cm]{Figures/HASEL_manuf.jpg}
                                                  
? 
File: Figures/HASEL_manuf.jpg Graphic file (type eps)
<Figures/HASEL_manuf.jpg>

Package natbib Warning: Citation `Kellaris2018' on page 18 undefined on input l
ine 285.


Package natbib Warning: Citation `Kellaris2018' on page 18 undefined on input l
ine 285.


LaTeX Warning: `!h' float specifier changed to `!ht'.


Package natbib Warning: Citation `Manionn.d.' on page 18 undefined on input lin
e 289.


Package natbib Warning: Citation `Acome2018' on page 18 undefined on input line
 291.

[18]

Package natbib Warning: Citation `Acome2018' on page 19 undefined on input line
 294.


Package natbib Warning: Citation `Mitchell2019' on page 19 undefined on input l
ine 294.


Package natbib Warning: Citation `Jolly1996' on page 19 undefined on input line
 298.

[19]

LaTeX Warning: File `Figures/MRE_actuate.jpg' not found on input line 302.


! LaTeX Error: File `Figures/MRE_actuate.jpg' not found.

See the LaTeX manual or LaTeX Companion for explanation.
Type  H <return>  for immediate help.
 ...                                              
                                                  
l.302 ...phics[width=8cm]{Figures/MRE_actuate.jpg}
                                                  
? 

! LaTeX Error: Cannot determine size of graphic in Figures/MRE_actuate.jpg (no 
BoundingBox).

See the LaTeX manual or LaTeX Companion for explanation.
Type  H <return>  for immediate help.
 ...                                              
                                                  
l.302 ...phics[width=8cm]{Figures/MRE_actuate.jpg}
                                                  
? 
File: Figures/MRE_actuate.jpg Graphic file (type eps)
<Figures/MRE_actuate.jpg>

Package natbib Warning: Citation `Park2018a' on page 20 undefined on input line
 303.


Package natbib Warning: Citation `Park2018a' on page 20 undefined on input line
 303.


Package natbib Warning: Citation `Bose2012' on page 20 undefined on input line 
307.


Package natbib Warning: Citation `Krueger2014' on page 20 undefined on input li
ne 311.

[20]

Package natbib Warning: Citation `UnuhH2019' on page 21 undefined on input line
 313.


Package natbib Warning: Citation `Chen2017' on page 21 undefined on input line 
313.


Package natbib Warning: Citation `Hiemenz2007' on page 21 undefined on input li
ne 313.


Package natbib Warning: Citation `Bose2012' on page 21 undefined on input line 
313.


Package natbib Warning: Citation `UnuhH2019' on page 21 undefined on input line
 313.


LaTeX Warning: File `Figures/DEA_basic_diagram.png' not found on input line 323
.


! LaTeX Error: File `Figures/DEA_basic_diagram.png' not found.

See the LaTeX manual or LaTeX Companion for explanation.
Type  H <return>  for immediate help.
 ...                                              
                                                  
l.323 ...width=8cm]{Figures/DEA_basic_diagram.png}
                                                  
? 

! LaTeX Error: Cannot determine size of graphic in Figures/DEA_basic_diagram.pn
g (no BoundingBox).

See the LaTeX manual or LaTeX Companion for explanation.
Type  H <return>  for immediate help.
 ...                                              
                                                  
l.323 ...width=8cm]{Figures/DEA_basic_diagram.png}
                                                  
? 
File: Figures/DEA_basic_diagram.png Graphic file (type eps)
<Figures/DEA_basic_diagram.png>

Package natbib Warning: Citation `Pelrine2000' on page 21 undefined on input li
ne 324.


Package natbib Warning: Citation `Pelrine2000' on page 21 undefined on input li
ne 324.


Package natbib Warning: Citation `Liu2013' on page 21 undefined on input line 3
31.


Package natbib Warning: Citation `Rogers2013' on page 21 undefined on input lin
e 331.


Package natbib Warning: Citation `Bele2018' on page 21 undefined on input line 
331.


Package natbib Warning: Citation `Quinsaat2015' on page 21 undefined on input l
ine 331.

[21]

Package natbib Warning: Citation `Hau2018' on page 22 undefined on input line 3
33.


Package natbib Warning: Citation `Kovacs2009' on page 22 undefined on input lin
e 333.


Package natbib Warning: Citation `Carpi2012' on page 22 undefined on input line
 333.


Package natbib Warning: Citation `Pfeil2020' on page 22 undefined on input line
 333.


Package natbib Warning: Citation `Ghilardi2019' on page 22 undefined on input l
ine 333.


Package natbib Warning: Citation `Amin2018' on page 22 undefined on input line 
333.


Package natbib Warning: Citation `Park2018' on page 22 undefined on input line 
335.


Package natbib Warning: Citation `McCoul2017' on page 22 undefined on input lin
e 335.


Package natbib Warning: Citation `Jung2008' on page 22 undefined on input line 
337.


Package natbib Warning: Citation `Goulbourne2007' on page 22 undefined on input
 line 337.


Package natbib Warning: Citation `Gisby2013' on page 22 undefined on input line
 337.


Package natbib Warning: Citation `Hau2018' on page 22 undefined on input line 3
39.

[22] [23]

Package natbib Warning: Citation `Bloor2006' on page 24 undefined on input line
 395.


Package natbib Warning: Citation `Duan2014' on page 24 undefined on input line 
395.


Package natbib Warning: Citation `Zhang2007' on page 24 undefined on input line
 395.


Package natbib Warning: Citation `Madrid2017' on page 24 undefined on input lin
e 395.


Package natbib Warning: Citation `Hu2008' on page 24 undefined on input line 39
5.


Package natbib Warning: Citation `Grimaldi2006' on page 24 undefined on input l
ine 395.

) (Chapters/Chapter3.tex [24]
Chapter 3.
------------------------------------------------------------------------------
 3 A Simple Conductive Elastomer Composite Material with Complex Behaviour
------------------------------------------------------------------------------

Overfull \hbox (2.51157pt too wide) in paragraph at lines 13--13
[]\OT1/cmr/bx/n/14.4 Stress and Re-sis-tance Re-lax-ation For Car-bon Nanopar-
 []


Package natbib Warning: Citation `Lacasse2010' on page 25 undefined on input li
ne 17.


Package natbib Warning: Citation `Spahr2017' on page 25 undefined on input line
 17.


Package natbib Warning: Citation `Kim2018' on page 25 undefined on input line 1
7.


Package natbib Warning: Citation `Henke2018' on page 25 undefined on input line
 17.


Package natbib Warning: Citation `Liu2009' on page 25 undefined on input line 1
7.


Package natbib Warning: Citation `Carpi2010' on page 25 undefined on input line
 17.


Package natbib Warning: Citation `Kim2018' on page 25 undefined on input line 1
7.


Package natbib Warning: Citation `Mouri2019' on page 25 undefined on input line
 17.


Package natbib Warning: Citation `Wang2010' on page 25 undefined on input line 
17.


Package natbib Warning: Citation `Maddipatla2017' on page 25 undefined on input
 line 20.


Package natbib Warning: Citation `Wang2013' on page 25 undefined on input line 
20.


Package natbib Warning: Citation `Quinsaat2015' on page 25 undefined on input l
ine 20.


Package natbib Warning: Citation `Racles2021' on page 25 undefined on input lin
e 20.


Package natbib Warning: Citation `Fukushima2018' on page 25 undefined on input 
line 20.


Package natbib Warning: Citation `Ferdous2020' on page 25 undefined on input li
ne 20.


Package natbib Warning: Citation `Rausch2004' on page 25 undefined on input lin
e 20.


Package natbib Warning: Citation `Henke2018' on page 25 undefined on input line
 20.

[25

]

Package natbib Warning: Citation `Giffney2017' on page 26 undefined on input li
ne 22.


Package natbib Warning: Citation `Devaraj2018' on page 26 undefined on input li
ne 22.


Package natbib Warning: Citation `Kost1994' on page 26 undefined on input line 
22.


Package natbib Warning: Citation `Wang2013' on page 26 undefined on input line 
22.


Package natbib Warning: Citation `Maddipatla2017' on page 26 undefined on input
 line 22.


Package natbib Warning: Citation `Wang2004' on page 26 undefined on input line 
22.


Package natbib Warning: Citation `Henke2018' on page 26 undefined on input line
 22.


Package natbib Warning: Citation `Fung1993' on page 26 undefined on input line 
22.


Package natbib Warning: Citation `SmoothOn2021' on page 26 undefined on input l
ine 31.

[26]

Package natbib Warning: Citation `Spahr2017' on page 27 undefined on input line
 37.


Package natbib Warning: Citation `Spahr2017' on page 27 undefined on input line
 37.


Package natbib Warning: Citation `Wang2013' on page 27 undefined on input line 
37.


Package natbib Warning: Citation `Spahr2017' on page 27 undefined on input line
 37.


Package natbib Warning: Citation `Fung1993' on page 27 undefined on input line 
41.


! LaTeX Error: Cannot determine size of graphic in Figures/Generlised_Maxwell_b
ody.png (no BoundingBox).

See the LaTeX manual or LaTeX Companion for explanation.
Type  H <return>  for immediate help.
 ...                                              
                                                  
l.44 ...=8cm]{Figures/Generlised_Maxwell_body.png}
                                                  
? 
File: Figures/Generlised_Maxwell_body.png Graphic file (type eps)
<Figures/Generlised_Maxwell_body.png>

Package natbib Warning: Citation `Fung1993' on page 27 undefined on input line 
45.


Package natbib Warning: Citation `Fung1993' on page 27 undefined on input line 
45.

[27]

! LaTeX Error: Cannot determine size of graphic in Figures/specimenPrepFlowDiag
ram (1).png (no BoundingBox).

See the LaTeX manual or LaTeX Companion for explanation.
Type  H <return>  for immediate help.
 ...                                              
                                                  
l.74 ...]{Figures/specimenPrepFlowDiagram (1).png}
                                                  
? 
File: Figures/specimenPrepFlowDiagram (1).png Graphic file (type eps)
<Figures/specimenPrepFlowDiagram (1).png>

Package natbib Warning: Citation `ASTM2020' on page 28 undefined on input line 
78.

[28]

! LaTeX Error: Cannot determine size of graphic in Figures/4wire_specimen.png (
no BoundingBox).

See the LaTeX manual or LaTeX Companion for explanation.
Type  H <return>  for immediate help.
 ...                                              
                                                  
l.85 ...ics[width=5cm]{Figures/4wire_specimen.png}
                                                  
? 
File: Figures/4wire_specimen.png Graphic file (type eps)
<Figures/4wire_specimen.png> [29]